{"meta": {"format": 3, "version": "7.11.0", "timestamp": "2026-01-12T18:21:36.208812", "branch_coverage": false, "show_contexts": false}, "files": {"circe/__init__.py": {"executed_lines": [1, 23, 24, 25, 26, 29, 30, 31, 37, 50, 55, 56, 57, 58, 59, 60, 62, 95, 101, 150, 151, 153, 155, 156, 159, 176], "summary": {"covered_lines": 25, "num_statements": 43, "percent_covered": 58.13953488372093, "percent_covered_display": "58", "missing_lines": 18, "excluded_lines": 0}, "missing_lines": [68, 69, 72, 73, 74, 75, 77, 78, 79, 81, 83, 84, 85, 87, 88, 89, 90, 91], "excluded_lines": [], "functions": {"safe_model_rebuild": {"executed_lines": [], "summary": {"covered_lines": 0, "num_statements": 18, "percent_covered": 0.0, "percent_covered_display": "0", "missing_lines": 18, "excluded_lines": 0}, "missing_lines": [68, 69, 72, 73, 74, 75, 77, 78, 79, 81, 83, 84, 85, 87, 88, 89, 90, 91], "excluded_lines": []}, "get_json_schema": {"executed_lines": [101, 150, 151, 153, 155, 156, 159], "summary": {"covered_lines": 7, "num_statements": 7, "percent_covered": 100.0, "percent_covered_display": "100", "missing_lines": 0, "excluded_lines": 0}, "missing_lines": [], "excluded_lines": []}, "": {"executed_lines": [1, 23, 24, 25, 26, 29, 30, 31, 37, 50, 55, 56, 57, 58, 59, 60, 62, 95, 176], "summary": {"covered_lines": 18, "num_statements": 18, "percent_covered": 100.0, "percent_covered_display": "100", "missing_lines": 0, "excluded_lines": 0}, "missing_lines": [], "excluded_lines": []}}, "classes": {"": {"executed_lines": [1, 23, 24, 25, 26, 29, 30, 31, 37, 50, 55, 56, 57, 58, 59, 60, 62, 95, 101, 150, 151, 153, 155, 156, 159, 176], "summary": {"covered_lines": 25, "num_statements": 43, "percent_covered": 58.13953488372093, "percent_covered_display": "58", "missing_lines": 18, "excluded_lines": 0}, "missing_lines": [68, 69, 72, 73, 74, 75, 77, 78, 79, 81, 83, 84, 85, 87, 88, 89, 90, 91], "excluded_lines": []}}}, "circe/api.py": {"executed_lines": [1, 10, 11, 17, 20, 38, 41, 44, 45, 48, 52, 64, 65, 70, 93, 96, 97, 100, 124, 125, 127, 128], "summary": {"covered_lines": 21, "num_statements": 35, "percent_covered": 60.0, "percent_covered_display": "60", "missing_lines": 14, "excluded_lines": 0}, "missing_lines": [49, 53, 54, 55, 56, 57, 58, 59, 60, 61, 62, 66, 67, 94], "excluded_lines": [], "functions": {"cohort_expression_from_json": {"executed_lines": [38, 41, 44, 45, 48, 52, 64, 65], "summary": {"covered_lines": 8, "num_statements": 21, "percent_covered": 38.095238095238095, "percent_covered_display": "38", "missing_lines": 13, "excluded_lines": 0}, "missing_lines": [49, 53, 54, 55, 56, 57, 58, 59, 60, 61, 62, 66, 67], "excluded_lines": []}, "build_cohort_query": {"executed_lines": [93, 96, 97], "summary": {"covered_lines": 3, "num_statements": 4, "percent_covered": 75.0, "percent_covered_display": "75", "missing_lines": 1, "excluded_lines": 0}, "missing_lines": [94], "excluded_lines": []}, "cohort_print_friendly": {"executed_lines": [124, 125, 127, 128], "summary": {"covered_lines": 4, "num_statements": 4, "percent_covered": 100.0, "percent_covered_display": "100", "missing_lines": 0, "excluded_lines": 0}, "missing_lines": [], "excluded_lines": []}, "": {"executed_lines": [1, 10, 11, 17, 20, 70, 100], "summary": {"covered_lines": 6, "num_statements": 6, "percent_covered": 100.0, "percent_covered_display": "100", "missing_lines": 0, "excluded_lines": 0}, "missing_lines": [], "excluded_lines": []}}, "classes": {"": {"executed_lines": [1, 10, 11, 17, 20, 38, 41, 44, 45, 48, 52, 64, 65, 70, 93, 96, 97, 100, 124, 125, 127, 128], "summary": {"covered_lines": 21, "num_statements": 35, "percent_covered": 60.0, "percent_covered_display": "60", "missing_lines": 14, "excluded_lines": 0}, "missing_lines": [49, 53, 54, 55, 56, 57, 58, 59, 60, 61, 62, 66, 67, 94], "excluded_lines": []}}}, "circe/check/__init__.py": {"executed_lines": [1, 8, 9, 10, 11, 12, 14], "summary": {"covered_lines": 6, "num_statements": 6, "percent_covered": 100.0, "percent_covered_display": "100", "missing_lines": 0, "excluded_lines": 0}, "missing_lines": [], "excluded_lines": [], "functions": {"": {"executed_lines": [1, 8, 9, 10, 11, 12, 14], "summary": {"covered_lines": 6, "num_statements": 6, "percent_covered": 100.0, "percent_covered_display": "100", "missing_lines": 0, "excluded_lines": 0}, "missing_lines": [], "excluded_lines": []}}, "classes": {"": {"executed_lines": [1, 8, 9, 10, 11, 12, 14], "summary": {"covered_lines": 6, "num_statements": 6, "percent_covered": 100.0, "percent_covered_display": "100", "missing_lines": 0, "excluded_lines": 0}, "missing_lines": [], "excluded_lines": []}}}, "circe/check/check.py": {"executed_lines": [1, 12, 13, 14, 16, 20, 21, 22, 23, 26, 27, 35, 36], "summary": {"covered_lines": 8, "num_statements": 8, "percent_covered": 100.0, "percent_covered_display": "100", "missing_lines": 0, "excluded_lines": 13}, "missing_lines": [], "excluded_lines": [16, 17, 35, 36, 37, 38, 39, 40, 41, 42, 43, 44, 45], "functions": {"Check.check": {"executed_lines": [], "summary": {"covered_lines": 0, "num_statements": 0, "percent_covered": 100.0, "percent_covered_display": "100", "missing_lines": 0, "excluded_lines": 9}, "missing_lines": [], "excluded_lines": [37, 38, 39, 40, 41, 42, 43, 44, 45]}, "": {"executed_lines": [1, 12, 13, 14, 16, 20, 21, 22, 23, 26, 27, 35, 36], "summary": {"covered_lines": 8, "num_statements": 8, "percent_covered": 100.0, "percent_covered_display": "100", "missing_lines": 0, "excluded_lines": 4}, "missing_lines": [], "excluded_lines": [16, 17, 35, 36]}}, "classes": {"Check": {"executed_lines": [], "summary": {"covered_lines": 0, "num_statements": 0, "percent_covered": 100.0, "percent_covered_display": "100", "missing_lines": 0, "excluded_lines": 9}, "missing_lines": [], "excluded_lines": [37, 38, 39, 40, 41, 42, 43, 44, 45]}, "": {"executed_lines": [1, 12, 13, 14, 16, 20, 21, 22, 23, 26, 27, 35, 36], "summary": {"covered_lines": 8, "num_statements": 8, "percent_covered": 100.0, "percent_covered_display": "100", "missing_lines": 0, "excluded_lines": 4}, "missing_lines": [], "excluded_lines": [16, 17, 35, 36]}}}, "circe/check/checker.py": {"executed_lines": [1, 12, 13, 14, 17, 18, 19, 20, 21, 25, 26, 34, 41, 42, 43, 44, 45, 46, 47, 48, 49, 50, 51, 52, 53, 54, 55, 56, 57, 58, 59, 60, 61, 62, 63, 64, 66, 93, 95, 104, 105, 106, 107], "summary": {"covered_lines": 40, "num_statements": 40, "percent_covered": 100.0, "percent_covered_display": "100", "missing_lines": 0, "excluded_lines": 2}, "missing_lines": [], "excluded_lines": [21, 22], "functions": {"Checker._get_checks": {"executed_lines": [41, 42, 43, 44, 45, 46, 47, 48, 49, 50, 51, 52, 53, 54, 55, 56, 57, 58, 59, 60, 61, 62, 63, 64, 66, 93], "summary": {"covered_lines": 26, "num_statements": 26, "percent_covered": 100.0, "percent_covered_display": "100", "missing_lines": 0, "excluded_lines": 0}, "missing_lines": [], "excluded_lines": []}, "Checker.check": {"executed_lines": [104, 105, 106, 107], "summary": {"covered_lines": 4, "num_statements": 4, "percent_covered": 100.0, "percent_covered_display": "100", "missing_lines": 0, "excluded_lines": 0}, "missing_lines": [], "excluded_lines": []}, "": {"executed_lines": [1, 12, 13, 14, 17, 18, 19, 20, 21, 25, 26, 34, 95], "summary": {"covered_lines": 10, "num_statements": 10, "percent_covered": 100.0, "percent_covered_display": "100", "missing_lines": 0, "excluded_lines": 2}, "missing_lines": [], "excluded_lines": [21, 22]}}, "classes": {"Checker": {"executed_lines": [41, 42, 43, 44, 45, 46, 47, 48, 49, 50, 51, 52, 53, 54, 55, 56, 57, 58, 59, 60, 61, 62, 63, 64, 66, 93, 104, 105, 106, 107], "summary": {"covered_lines": 30, "num_statements": 30, "percent_covered": 100.0, "percent_covered_display": "100", "missing_lines": 0, "excluded_lines": 0}, "missing_lines": [], "excluded_lines": []}, "": {"executed_lines": [1, 12, 13, 14, 17, 18, 19, 20, 21, 25, 26, 34, 95], "summary": {"covered_lines": 10, "num_statements": 10, "percent_covered": 100.0, "percent_covered_display": "100", "missing_lines": 0, "excluded_lines": 2}, "missing_lines": [], "excluded_lines": [21, 22]}}}, "circe/check/checkers/__init__.py": {"executed_lines": [1, 7, 8, 9, 10, 11, 12, 13, 14, 15, 16, 17, 18, 19, 20, 21, 24, 25, 26, 27, 28, 29, 30, 31, 32, 33, 34, 35, 36, 37, 38, 39, 40, 41, 42, 43, 44, 45, 46, 47, 49], "summary": {"covered_lines": 40, "num_statements": 40, "percent_covered": 100.0, "percent_covered_display": "100", "missing_lines": 0, "excluded_lines": 0}, "missing_lines": [], "excluded_lines": [], "functions": {"": {"executed_lines": [1, 7, 8, 9, 10, 11, 12, 13, 14, 15, 16, 17, 18, 19, 20, 21, 24, 25, 26, 27, 28, 29, 30, 31, 32, 33, 34, 35, 36, 37, 38, 39, 40, 41, 42, 43, 44, 45, 46, 47, 49], "summary": {"covered_lines": 40, "num_statements": 40, "percent_covered": 100.0, "percent_covered_display": "100", "missing_lines": 0, "excluded_lines": 0}, "missing_lines": [], "excluded_lines": []}}, "classes": {"": {"executed_lines": [1, 7, 8, 9, 10, 11, 12, 13, 14, 15, 16, 17, 18, 19, 20, 21, 24, 25, 26, 27, 28, 29, 30, 31, 32, 33, 34, 35, 36, 37, 38, 39, 40, 41, 42, 43, 44, 45, 46, 47, 49], "summary": {"covered_lines": 40, "num_statements": 40, "percent_covered": 100.0, "percent_covered_display": "100", "missing_lines": 0, "excluded_lines": 0}, "missing_lines": [], "excluded_lines": []}}}, "circe/check/checkers/attribute_check.py": {"executed_lines": [1, 11, 12, 13, 14, 17, 18, 23, 29, 31], "summary": {"covered_lines": 8, "num_statements": 9, "percent_covered": 88.88888888888889, "percent_covered_display": "89", "missing_lines": 1, "excluded_lines": 0}, "missing_lines": [41], "excluded_lines": [], "functions": {"AttributeCheck._define_severity": {"executed_lines": [29], "summary": {"covered_lines": 1, "num_statements": 1, "percent_covered": 100.0, "percent_covered_display": "100", "missing_lines": 0, "excluded_lines": 0}, "missing_lines": [], "excluded_lines": []}, "AttributeCheck._get_factory": {"executed_lines": [], "summary": {"covered_lines": 0, "num_statements": 1, "percent_covered": 0.0, "percent_covered_display": "0", "missing_lines": 1, "excluded_lines": 0}, "missing_lines": [41], "excluded_lines": []}, "": {"executed_lines": [1, 11, 12, 13, 14, 17, 18, 23, 31], "summary": {"covered_lines": 7, "num_statements": 7, "percent_covered": 100.0, "percent_covered_display": "100", "missing_lines": 0, "excluded_lines": 0}, "missing_lines": [], "excluded_lines": []}}, "classes": {"AttributeCheck": {"executed_lines": [29], "summary": {"covered_lines": 1, "num_statements": 2, "percent_covered": 50.0, "percent_covered_display": "50", "missing_lines": 1, "excluded_lines": 0}, "missing_lines": [41], "excluded_lines": []}, "": {"executed_lines": [1, 11, 12, 13, 14, 17, 18, 23, 31], "summary": {"covered_lines": 7, "num_statements": 7, "percent_covered": 100.0, "percent_covered_display": "100", "missing_lines": 0, "excluded_lines": 0}, "missing_lines": [], "excluded_lines": []}}}, "circe/check/checkers/attribute_checker_factory.py": {"executed_lines": [1, 11, 12, 13, 14, 17, 18, 25, 26, 31, 33, 42, 43, 55, 66, 87], "summary": {"covered_lines": 14, "num_statements": 25, "percent_covered": 56.0, "percent_covered_display": "56", "missing_lines": 11, "excluded_lines": 2}, "missing_lines": [19, 20, 40, 53, 64, 75, 76, 85, 94, 95, 96], "excluded_lines": [21, 22], "functions": {"AttributeCheckerFactory.__init__": {"executed_lines": [], "summary": {"covered_lines": 0, "num_statements": 1, "percent_covered": 0.0, "percent_covered_display": "0", "missing_lines": 1, "excluded_lines": 0}, "missing_lines": [40], "excluded_lines": []}, "AttributeCheckerFactory.get_factory": {"executed_lines": [], "summary": {"covered_lines": 0, "num_statements": 1, "percent_covered": 0.0, "percent_covered_display": "0", "missing_lines": 1, "excluded_lines": 0}, "missing_lines": [53], "excluded_lines": []}, "AttributeCheckerFactory._get_check_criteria": {"executed_lines": [], "summary": {"covered_lines": 0, "num_statements": 1, "percent_covered": 0.0, "percent_covered_display": "0", "missing_lines": 1, "excluded_lines": 0}, "missing_lines": [64], "excluded_lines": []}, "AttributeCheckerFactory._get_check_demographic": {"executed_lines": [], "summary": {"covered_lines": 0, "num_statements": 2, "percent_covered": 0.0, "percent_covered_display": "0", "missing_lines": 2, "excluded_lines": 0}, "missing_lines": [75, 85], "excluded_lines": []}, "AttributeCheckerFactory._get_check_demographic.check": {"executed_lines": [], "summary": {"covered_lines": 0, "num_statements": 1, "percent_covered": 0.0, "percent_covered_display": "0", "missing_lines": 1, "excluded_lines": 0}, "missing_lines": [76], "excluded_lines": []}, "AttributeCheckerFactory._check_attribute": {"executed_lines": [], "summary": {"covered_lines": 0, "num_statements": 3, "percent_covered": 0.0, "percent_covered_display": "0", "missing_lines": 3, "excluded_lines": 0}, "missing_lines": [94, 95, 96], "excluded_lines": []}, "": {"executed_lines": [1, 11, 12, 13, 14, 17, 18, 25, 26, 31, 33, 42, 43, 55, 66, 87], "summary": {"covered_lines": 14, "num_statements": 16, "percent_covered": 87.5, "percent_covered_display": "88", "missing_lines": 2, "excluded_lines": 2}, "missing_lines": [19, 20], "excluded_lines": [21, 22]}}, "classes": {"AttributeCheckerFactory": {"executed_lines": [], "summary": {"covered_lines": 0, "num_statements": 9, "percent_covered": 0.0, "percent_covered_display": "0", "missing_lines": 9, "excluded_lines": 0}, "missing_lines": [40, 53, 64, 75, 76, 85, 94, 95, 96], "excluded_lines": []}, "": {"executed_lines": [1, 11, 12, 13, 14, 17, 18, 25, 26, 31, 33, 42, 43, 55, 66, 87], "summary": {"covered_lines": 14, "num_statements": 16, "percent_covered": 87.5, "percent_covered_display": "88", "missing_lines": 2, "excluded_lines": 2}, "missing_lines": [19, 20], "excluded_lines": [21, 22]}}}, "circe/check/checkers/base_check.py": {"executed_lines": [1, 11, 12, 13, 14, 15, 16, 19, 20, 27, 28, 36, 37, 38, 40, 52, 53, 54, 56, 65, 71, 73, 82, 84, 94, 95, 96, 98], "summary": {"covered_lines": 26, "num_statements": 28, "percent_covered": 92.85714285714286, "percent_covered_display": "93", "missing_lines": 2, "excluded_lines": 3}, "missing_lines": [21, 22], "excluded_lines": [23, 24, 63], "functions": {"BaseCheck.check": {"executed_lines": [52, 53, 54], "summary": {"covered_lines": 3, "num_statements": 3, "percent_covered": 100.0, "percent_covered_display": "100", "missing_lines": 0, "excluded_lines": 0}, "missing_lines": [], "excluded_lines": []}, "BaseCheck._check": {"executed_lines": [], "summary": {"covered_lines": 0, "num_statements": 0, "percent_covered": 100.0, "percent_covered_display": "100", "missing_lines": 0, "excluded_lines": 1}, "missing_lines": [], "excluded_lines": [63]}, "BaseCheck._define_severity": {"executed_lines": [71], "summary": {"covered_lines": 1, "num_statements": 1, "percent_covered": 100.0, "percent_covered_display": "100", "missing_lines": 0, "excluded_lines": 0}, "missing_lines": [], "excluded_lines": []}, "BaseCheck._define_reporter": {"executed_lines": [82], "summary": {"covered_lines": 1, "num_statements": 1, "percent_covered": 100.0, "percent_covered_display": "100", "missing_lines": 0, "excluded_lines": 0}, "missing_lines": [], "excluded_lines": []}, "BaseCheck._get_reporter": {"executed_lines": [94, 98], "summary": {"covered_lines": 2, "num_statements": 2, "percent_covered": 100.0, "percent_covered_display": "100", "missing_lines": 0, "excluded_lines": 0}, "missing_lines": [], "excluded_lines": []}, "BaseCheck._get_reporter.reporter": {"executed_lines": [95, 96], "summary": {"covered_lines": 2, "num_statements": 2, "percent_covered": 100.0, "percent_covered_display": "100", "missing_lines": 0, "excluded_lines": 0}, "missing_lines": [], "excluded_lines": []}, "": {"executed_lines": [1, 11, 12, 13, 14, 15, 16, 19, 20, 27, 28, 36, 37, 38, 40, 56, 65, 73, 84], "summary": {"covered_lines": 17, "num_statements": 19, "percent_covered": 89.47368421052632, "percent_covered_display": "89", "missing_lines": 2, "excluded_lines": 2}, "missing_lines": [21, 22], "excluded_lines": [23, 24]}}, "classes": {"BaseCheck": {"executed_lines": [52, 53, 54, 71, 82, 94, 95, 96, 98], "summary": {"covered_lines": 9, "num_statements": 9, "percent_covered": 100.0, "percent_covered_display": "100", "missing_lines": 0, "excluded_lines": 1}, "missing_lines": [], "excluded_lines": [63]}, "": {"executed_lines": [1, 11, 12, 13, 14, 15, 16, 19, 20, 27, 28, 36, 37, 38, 40, 56, 65, 73, 84], "summary": {"covered_lines": 17, "num_statements": 19, "percent_covered": 89.47368421052632, "percent_covered_display": "89", "missing_lines": 2, "excluded_lines": 2}, "missing_lines": [21, 22], "excluded_lines": [23, 24]}}}, "circe/check/checkers/base_checker_factory.py": {"executed_lines": [1, 12, 13, 16, 17, 24, 25, 33, 40, 41, 43, 44, 48, 49, 53, 64, 75], "summary": {"covered_lines": 15, "num_statements": 26, "percent_covered": 57.69230769230769, "percent_covered_display": "58", "missing_lines": 11, "excluded_lines": 4}, "missing_lines": [18, 19, 46, 51, 82, 84, 85, 86, 87, 88, 89], "excluded_lines": [20, 21, 62, 73], "functions": {"BaseCheckerFactory.__init__": {"executed_lines": [40, 41], "summary": {"covered_lines": 2, "num_statements": 2, "percent_covered": 100.0, "percent_covered_display": "100", "missing_lines": 0, "excluded_lines": 0}, "missing_lines": [], "excluded_lines": []}, "BaseCheckerFactory.group_name": {"executed_lines": [], "summary": {"covered_lines": 0, "num_statements": 1, "percent_covered": 0.0, "percent_covered_display": "0", "missing_lines": 1, "excluded_lines": 0}, "missing_lines": [46], "excluded_lines": []}, "BaseCheckerFactory.reporter": {"executed_lines": [], "summary": {"covered_lines": 0, "num_statements": 1, "percent_covered": 0.0, "percent_covered_display": "0", "missing_lines": 1, "excluded_lines": 0}, "missing_lines": [51], "excluded_lines": []}, "BaseCheckerFactory._get_check_criteria": {"executed_lines": [], "summary": {"covered_lines": 0, "num_statements": 0, "percent_covered": 100.0, "percent_covered_display": "100", "missing_lines": 0, "excluded_lines": 1}, "missing_lines": [], "excluded_lines": [62]}, "BaseCheckerFactory._get_check_demographic": {"executed_lines": [], "summary": {"covered_lines": 0, "num_statements": 0, "percent_covered": 100.0, "percent_covered_display": "100", "missing_lines": 0, "excluded_lines": 1}, "missing_lines": [], "excluded_lines": [73]}, "BaseCheckerFactory.check": {"executed_lines": [], "summary": {"covered_lines": 0, "num_statements": 7, "percent_covered": 0.0, "percent_covered_display": "0", "missing_lines": 7, "excluded_lines": 0}, "missing_lines": [82, 84, 85, 86, 87, 88, 89], "excluded_lines": []}, "": {"executed_lines": [1, 12, 13, 16, 17, 24, 25, 33, 43, 44, 48, 49, 53, 64, 75], "summary": {"covered_lines": 13, "num_statements": 15, "percent_covered": 86.66666666666667, "percent_covered_display": "87", "missing_lines": 2, "excluded_lines": 2}, "missing_lines": [18, 19], "excluded_lines": [20, 21]}}, "classes": {"BaseCheckerFactory": {"executed_lines": [40, 41], "summary": {"covered_lines": 2, "num_statements": 11, "percent_covered": 18.181818181818183, "percent_covered_display": "18", "missing_lines": 9, "excluded_lines": 2}, "missing_lines": [46, 51, 82, 84, 85, 86, 87, 88, 89], "excluded_lines": [62, 73]}, "": {"executed_lines": [1, 12, 13, 16, 17, 24, 25, 33, 43, 44, 48, 49, 53, 64, 75], "summary": {"covered_lines": 13, "num_statements": 15, "percent_covered": 86.66666666666667, "percent_covered_display": "87", "missing_lines": 2, "excluded_lines": 2}, "missing_lines": [18, 19], "excluded_lines": [20, 21]}}}, "circe/check/checkers/base_corelated_criteria_check.py": {"executed_lines": [1, 11, 12, 15, 16, 17, 25, 26, 34, 41, 42, 43, 44, 46, 48, 49, 50, 51, 53, 62, 65, 66, 67, 68, 70, 72, 73, 74, 75, 86], "summary": {"covered_lines": 28, "num_statements": 43, "percent_covered": 65.11627906976744, "percent_covered_display": "65", "missing_lines": 15, "excluded_lines": 4}, "missing_lines": [18, 19, 47, 63, 71, 76, 77, 78, 80, 81, 82, 83, 84, 96, 97], "excluded_lines": [20, 21, 22, 99], "functions": {"BaseCorelatedCriteriaCheck._internal_check": {"executed_lines": [41, 42, 43, 44, 46, 48, 49, 50, 51], "summary": {"covered_lines": 9, "num_statements": 10, "percent_covered": 90.0, "percent_covered_display": "90", "missing_lines": 1, "excluded_lines": 0}, "missing_lines": [47], "excluded_lines": []}, "BaseCorelatedCriteriaCheck._check_criteria_group": {"executed_lines": [62, 65, 66, 67, 68, 70, 72, 73, 74, 75], "summary": {"covered_lines": 10, "num_statements": 20, "percent_covered": 50.0, "percent_covered_display": "50", "missing_lines": 10, "excluded_lines": 0}, "missing_lines": [63, 71, 76, 77, 78, 80, 81, 82, 83, 84], "excluded_lines": []}, "BaseCorelatedCriteriaCheck._check_criteria": {"executed_lines": [], "summary": {"covered_lines": 0, "num_statements": 2, "percent_covered": 0.0, "percent_covered_display": "0", "missing_lines": 2, "excluded_lines": 1}, "missing_lines": [96, 97], "excluded_lines": [99]}, "": {"executed_lines": [1, 11, 12, 15, 16, 17, 25, 26, 34, 53, 86], "summary": {"covered_lines": 9, "num_statements": 11, "percent_covered": 81.81818181818181, "percent_covered_display": "82", "missing_lines": 2, "excluded_lines": 3}, "missing_lines": [18, 19], "excluded_lines": [20, 21, 22]}}, "classes": {"BaseCorelatedCriteriaCheck": {"executed_lines": [41, 42, 43, 44, 46, 48, 49, 50, 51, 62, 65, 66, 67, 68, 70, 72, 73, 74, 75], "summary": {"covered_lines": 19, "num_statements": 32, "percent_covered": 59.375, "percent_covered_display": "59", "missing_lines": 13, "excluded_lines": 1}, "missing_lines": [47, 63, 71, 76, 77, 78, 80, 81, 82, 83, 84, 96, 97], "excluded_lines": [99]}, "": {"executed_lines": [1, 11, 12, 15, 16, 17, 25, 26, 34, 53, 86], "summary": {"covered_lines": 9, "num_statements": 11, "percent_covered": 81.81818181818181, "percent_covered_display": "82", "missing_lines": 2, "excluded_lines": 3}, "missing_lines": [18, 19], "excluded_lines": [20, 21, 22]}}}, "circe/check/checkers/base_criteria_check.py": {"executed_lines": [1, 11, 12, 13, 16, 17, 18, 26, 27, 35, 42, 43, 44, 46, 47, 48, 49, 50, 51, 57, 65, 68, 69, 70, 71, 72, 73, 79], "summary": {"covered_lines": 26, "num_statements": 32, "percent_covered": 81.25, "percent_covered_display": "81", "missing_lines": 6, "excluded_lines": 4}, "missing_lines": [19, 20, 74, 75, 76, 77], "excluded_lines": [21, 22, 23, 87], "functions": {"BaseCriteriaCheck._internal_check": {"executed_lines": [42, 43, 44, 46, 47, 48, 49, 50, 51], "summary": {"covered_lines": 9, "num_statements": 9, "percent_covered": 100.0, "percent_covered_display": "100", "missing_lines": 0, "excluded_lines": 0}, "missing_lines": [], "excluded_lines": []}, "BaseCriteriaCheck._check_criteria_group": {"executed_lines": [65, 68, 69, 70, 71, 72, 73], "summary": {"covered_lines": 7, "num_statements": 11, "percent_covered": 63.63636363636363, "percent_covered_display": "64", "missing_lines": 4, "excluded_lines": 0}, "missing_lines": [74, 75, 76, 77], "excluded_lines": []}, "BaseCriteriaCheck._check_criteria": {"executed_lines": [], "summary": {"covered_lines": 0, "num_statements": 0, "percent_covered": 100.0, "percent_covered_display": "100", "missing_lines": 0, "excluded_lines": 1}, "missing_lines": [], "excluded_lines": [87]}, "": {"executed_lines": [1, 11, 12, 13, 16, 17, 18, 26, 27, 35, 57, 79], "summary": {"covered_lines": 10, "num_statements": 12, "percent_covered": 83.33333333333333, "percent_covered_display": "83", "missing_lines": 2, "excluded_lines": 3}, "missing_lines": [19, 20], "excluded_lines": [21, 22, 23]}}, "classes": {"BaseCriteriaCheck": {"executed_lines": [42, 43, 44, 46, 47, 48, 49, 50, 51, 65, 68, 69, 70, 71, 72, 73], "summary": {"covered_lines": 16, "num_statements": 20, "percent_covered": 80.0, "percent_covered_display": "80", "missing_lines": 4, "excluded_lines": 1}, "missing_lines": [74, 75, 76, 77], "excluded_lines": [87]}, "": {"executed_lines": [1, 11, 12, 13, 16, 17, 18, 26, 27, 35, 57, 79], "summary": {"covered_lines": 10, "num_statements": 12, "percent_covered": 83.33333333333333, "percent_covered_display": "83", "missing_lines": 2, "excluded_lines": 3}, "missing_lines": [19, 20], "excluded_lines": [21, 22, 23]}}}, "circe/check/checkers/base_iterable_check.py": {"executed_lines": [1, 12, 13, 16, 17, 24, 25, 33, 40, 41, 42, 44, 51, 53, 60, 62], "summary": {"covered_lines": 14, "num_statements": 16, "percent_covered": 87.5, "percent_covered_display": "88", "missing_lines": 2, "excluded_lines": 3}, "missing_lines": [18, 19], "excluded_lines": [20, 21, 69], "functions": {"BaseIterableCheck._check": {"executed_lines": [40, 41, 42], "summary": {"covered_lines": 3, "num_statements": 3, "percent_covered": 100.0, "percent_covered_display": "100", "missing_lines": 0, "excluded_lines": 0}, "missing_lines": [], "excluded_lines": []}, "BaseIterableCheck._before_check": {"executed_lines": [51], "summary": {"covered_lines": 1, "num_statements": 1, "percent_covered": 100.0, "percent_covered_display": "100", "missing_lines": 0, "excluded_lines": 0}, "missing_lines": [], "excluded_lines": []}, "BaseIterableCheck._after_check": {"executed_lines": [60], "summary": {"covered_lines": 1, "num_statements": 1, "percent_covered": 100.0, "percent_covered_display": "100", "missing_lines": 0, "excluded_lines": 0}, "missing_lines": [], "excluded_lines": []}, "BaseIterableCheck._internal_check": {"executed_lines": [], "summary": {"covered_lines": 0, "num_statements": 0, "percent_covered": 100.0, "percent_covered_display": "100", "missing_lines": 0, "excluded_lines": 1}, "missing_lines": [], "excluded_lines": [69]}, "": {"executed_lines": [1, 12, 13, 16, 17, 24, 25, 33, 44, 53, 62], "summary": {"covered_lines": 9, "num_statements": 11, "percent_covered": 81.81818181818181, "percent_covered_display": "82", "missing_lines": 2, "excluded_lines": 2}, "missing_lines": [18, 19], "excluded_lines": [20, 21]}}, "classes": {"BaseIterableCheck": {"executed_lines": [40, 41, 42, 51, 60], "summary": {"covered_lines": 5, "num_statements": 5, "percent_covered": 100.0, "percent_covered_display": "100", "missing_lines": 0, "excluded_lines": 1}, "missing_lines": [], "excluded_lines": [69]}, "": {"executed_lines": [1, 12, 13, 16, 17, 24, 25, 33, 44, 53, 62], "summary": {"covered_lines": 9, "num_statements": 11, "percent_covered": 81.81818181818181, "percent_covered_display": "82", "missing_lines": 2, "excluded_lines": 2}, "missing_lines": [18, 19], "excluded_lines": [20, 21]}}}, "circe/check/checkers/base_value_check.py": {"executed_lines": [1, 12, 13, 14, 17, 18, 19, 27, 28, 37, 38, 39, 40, 42, 49, 50, 51, 52, 54, 61, 62, 63, 65, 72, 83, 90, 94, 101, 102, 103, 104, 105, 106, 107, 108, 112, 121, 122, 125, 136, 137, 138, 140, 144, 145, 150], "summary": {"covered_lines": 44, "num_statements": 71, "percent_covered": 61.971830985915496, "percent_covered_display": "62", "missing_lines": 27, "excluded_lines": 4}, "missing_lines": [20, 21, 73, 74, 75, 76, 77, 78, 79, 80, 81, 91, 92, 109, 110, 126, 127, 128, 129, 130, 131, 132, 133, 134, 141, 142, 146], "excluded_lines": [22, 23, 24, 160], "functions": {"BaseValueCheck._check": {"executed_lines": [49, 50, 51, 52], "summary": {"covered_lines": 4, "num_statements": 4, "percent_covered": 100.0, "percent_covered_display": "100", "missing_lines": 0, "excluded_lines": 0}, "missing_lines": [], "excluded_lines": []}, "BaseValueCheck._check_primary_criteria": {"executed_lines": [61, 62, 63], "summary": {"covered_lines": 3, "num_statements": 3, "percent_covered": 100.0, "percent_covered_display": "100", "missing_lines": 0, "excluded_lines": 0}, "missing_lines": [], "excluded_lines": []}, "BaseValueCheck._check_additional_criteria": {"executed_lines": [72], "summary": {"covered_lines": 1, "num_statements": 10, "percent_covered": 10.0, "percent_covered_display": "10", "missing_lines": 9, "excluded_lines": 0}, "missing_lines": [73, 74, 75, 76, 77, 78, 79, 80, 81], "excluded_lines": []}, "BaseValueCheck._check_censoring_criteria": {"executed_lines": [90], "summary": {"covered_lines": 1, "num_statements": 3, "percent_covered": 33.333333333333336, "percent_covered_display": "33", "missing_lines": 2, "excluded_lines": 0}, "missing_lines": [91, 92], "excluded_lines": []}, "BaseValueCheck._check_inclusion_rules": {"executed_lines": [101, 102, 103, 104, 105, 106, 107, 108], "summary": {"covered_lines": 8, "num_statements": 10, "percent_covered": 80.0, "percent_covered_display": "80", "missing_lines": 2, "excluded_lines": 0}, "missing_lines": [109, 110], "excluded_lines": []}, "BaseValueCheck._check_criteria": {"executed_lines": [121, 122, 125, 136, 137, 138, 140, 144, 145], "summary": {"covered_lines": 9, "num_statements": 21, "percent_covered": 42.857142857142854, "percent_covered_display": "43", "missing_lines": 12, "excluded_lines": 0}, "missing_lines": [126, 127, 128, 129, 130, 131, 132, 133, 134, 141, 142, 146], "excluded_lines": []}, "BaseValueCheck._get_factory": {"executed_lines": [], "summary": {"covered_lines": 0, "num_statements": 0, "percent_covered": 100.0, "percent_covered_display": "100", "missing_lines": 0, "excluded_lines": 1}, "missing_lines": [], "excluded_lines": [160]}, "": {"executed_lines": [1, 12, 13, 14, 17, 18, 19, 27, 28, 37, 38, 39, 40, 42, 54, 65, 83, 94, 112, 150], "summary": {"covered_lines": 18, "num_statements": 20, "percent_covered": 90.0, "percent_covered_display": "90", "missing_lines": 2, "excluded_lines": 3}, "missing_lines": [20, 21], "excluded_lines": [22, 23, 24]}}, "classes": {"BaseValueCheck": {"executed_lines": [49, 50, 51, 52, 61, 62, 63, 72, 90, 101, 102, 103, 104, 105, 106, 107, 108, 121, 122, 125, 136, 137, 138, 140, 144, 145], "summary": {"covered_lines": 26, "num_statements": 51, "percent_covered": 50.98039215686274, "percent_covered_display": "51", "missing_lines": 25, "excluded_lines": 1}, "missing_lines": [73, 74, 75, 76, 77, 78, 79, 80, 81, 91, 92, 109, 110, 126, 127, 128, 129, 130, 131, 132, 133, 134, 141, 142, 146], "excluded_lines": [160]}, "": {"executed_lines": [1, 12, 13, 14, 17, 18, 19, 27, 28, 37, 38, 39, 40, 42, 54, 65, 83, 94, 112, 150], "summary": {"covered_lines": 18, "num_statements": 20, "percent_covered": 90.0, "percent_covered_display": "90", "missing_lines": 2, "excluded_lines": 3}, "missing_lines": [20, 21], "excluded_lines": [22, 23, 24]}}}, "circe/check/checkers/comparisons.py": {"executed_lines": [1, 11, 12, 13, 14, 16, 21, 22, 23, 28, 29, 37, 38, 47, 51, 53, 54, 56, 57, 58, 60, 61, 62, 63, 66, 67, 68, 77, 78, 87, 89, 90, 91, 92, 93, 95, 96, 105, 107, 109, 110, 135, 136, 145, 147, 149, 150, 159, 161, 163, 164, 173, 175, 177, 178, 187, 188, 189, 199, 201, 202, 211, 212, 215, 217, 218, 228, 229, 232, 238, 239, 240, 241, 242, 243], "summary": {"covered_lines": 72, "num_statements": 127, "percent_covered": 56.69291338582677, "percent_covered_display": "57", "missing_lines": 55, "excluded_lines": 3}, "missing_lines": [24, 25, 48, 55, 59, 64, 65, 69, 70, 71, 72, 73, 74, 75, 88, 106, 120, 121, 123, 124, 125, 127, 128, 130, 131, 133, 146, 160, 174, 190, 191, 192, 193, 198, 244, 245, 246, 247, 248, 249, 250, 251, 252, 253, 254, 255, 256, 257, 258, 259, 260, 261, 262, 263, 265], "excluded_lines": [16, 17, 18], "functions": {"Comparisons.start_is_greater_than_end": {"executed_lines": [47, 51, 53, 54, 56, 57, 58, 60, 61, 62, 63, 66, 67, 68], "summary": {"covered_lines": 14, "num_statements": 26, "percent_covered": 53.84615384615385, "percent_covered_display": "54", "missing_lines": 12, "excluded_lines": 0}, "missing_lines": [48, 55, 59, 64, 65, 69, 70, 71, 72, 73, 74, 75], "excluded_lines": []}, "Comparisons.is_date_valid": {"executed_lines": [87, 89, 90, 91, 92, 93], "summary": {"covered_lines": 6, "num_statements": 7, "percent_covered": 85.71428571428571, "percent_covered_display": "86", "missing_lines": 1, "excluded_lines": 0}, "missing_lines": [88], "excluded_lines": []}, "Comparisons.is_start_negative": {"executed_lines": [105, 107], "summary": {"covered_lines": 2, "num_statements": 3, "percent_covered": 66.66666666666667, "percent_covered_display": "67", "missing_lines": 1, "excluded_lines": 0}, "missing_lines": [106], "excluded_lines": []}, "Comparisons.compare_to": {"executed_lines": [], "summary": {"covered_lines": 0, "num_statements": 10, "percent_covered": 0.0, "percent_covered_display": "0", "missing_lines": 10, "excluded_lines": 0}, "missing_lines": [120, 121, 123, 124, 125, 127, 128, 130, 131, 133], "excluded_lines": []}, "Comparisons.is_before": {"executed_lines": [145, 147], "summary": {"covered_lines": 2, "num_statements": 3, "percent_covered": 66.66666666666667, "percent_covered_display": "67", "missing_lines": 1, "excluded_lines": 0}, "missing_lines": [146], "excluded_lines": []}, "Comparisons.is_before_endpoint": {"executed_lines": [159, 161], "summary": {"covered_lines": 2, "num_statements": 3, "percent_covered": 66.66666666666667, "percent_covered_display": "67", "missing_lines": 1, "excluded_lines": 0}, "missing_lines": [160], "excluded_lines": []}, "Comparisons.is_after_endpoint": {"executed_lines": [173, 175], "summary": {"covered_lines": 2, "num_statements": 3, "percent_covered": 66.66666666666667, "percent_covered_display": "67", "missing_lines": 1, "excluded_lines": 0}, "missing_lines": [174], "excluded_lines": []}, "Comparisons.compare_concept_set": {"executed_lines": [187, 199], "summary": {"covered_lines": 2, "num_statements": 2, "percent_covered": 100.0, "percent_covered_display": "100", "missing_lines": 0, "excluded_lines": 0}, "missing_lines": [], "excluded_lines": []}, "Comparisons.compare_concept_set.compare_func": {"executed_lines": [188, 189], "summary": {"covered_lines": 2, "num_statements": 7, "percent_covered": 28.571428571428573, "percent_covered_display": "29", "missing_lines": 5, "excluded_lines": 0}, "missing_lines": [190, 191, 192, 193, 198], "excluded_lines": []}, "Comparisons.compare_concept": {"executed_lines": [211, 215], "summary": {"covered_lines": 2, "num_statements": 2, "percent_covered": 100.0, "percent_covered_display": "100", "missing_lines": 0, "excluded_lines": 0}, "missing_lines": [], "excluded_lines": []}, "Comparisons.compare_concept.compare_func": {"executed_lines": [212], "summary": {"covered_lines": 1, "num_statements": 1, "percent_covered": 100.0, "percent_covered_display": "100", "missing_lines": 0, "excluded_lines": 0}, "missing_lines": [], "excluded_lines": []}, "Comparisons.compare_criteria": {"executed_lines": [228, 229, 232, 238, 239, 240, 241, 242, 243], "summary": {"covered_lines": 9, "num_statements": 30, "percent_covered": 30.0, "percent_covered_display": "30", "missing_lines": 21, "excluded_lines": 0}, "missing_lines": [244, 245, 246, 247, 248, 249, 250, 251, 252, 253, 254, 255, 256, 257, 258, 259, 260, 261, 262, 263, 265], "excluded_lines": []}, "": {"executed_lines": [1, 11, 12, 13, 14, 16, 21, 22, 23, 28, 29, 37, 38, 77, 78, 95, 96, 109, 110, 135, 136, 149, 150, 163, 164, 177, 178, 201, 202, 217, 218], "summary": {"covered_lines": 28, "num_statements": 30, "percent_covered": 93.33333333333333, "percent_covered_display": "93", "missing_lines": 2, "excluded_lines": 3}, "missing_lines": [24, 25], "excluded_lines": [16, 17, 18]}}, "classes": {"Comparisons": {"executed_lines": [47, 51, 53, 54, 56, 57, 58, 60, 61, 62, 63, 66, 67, 68, 87, 89, 90, 91, 92, 93, 105, 107, 145, 147, 159, 161, 173, 175, 187, 188, 189, 199, 211, 212, 215, 228, 229, 232, 238, 239, 240, 241, 242, 243], "summary": {"covered_lines": 44, "num_statements": 97, "percent_covered": 45.36082474226804, "percent_covered_display": "45", "missing_lines": 53, "excluded_lines": 0}, "missing_lines": [48, 55, 59, 64, 65, 69, 70, 71, 72, 73, 74, 75, 88, 106, 120, 121, 123, 124, 125, 127, 128, 130, 131, 133, 146, 160, 174, 190, 191, 192, 193, 198, 244, 245, 246, 247, 248, 249, 250, 251, 252, 253, 254, 255, 256, 257, 258, 259, 260, 261, 262, 263, 265], "excluded_lines": []}, "": {"executed_lines": [1, 11, 12, 13, 14, 16, 21, 22, 23, 28, 29, 37, 38, 77, 78, 95, 96, 109, 110, 135, 136, 149, 150, 163, 164, 177, 178, 201, 202, 217, 218], "summary": {"covered_lines": 28, "num_statements": 30, "percent_covered": 93.33333333333333, "percent_covered_display": "93", "missing_lines": 2, "excluded_lines": 3}, "missing_lines": [24, 25], "excluded_lines": [16, 17, 18]}}}, "circe/check/checkers/concept_check.py": {"executed_lines": [1, 11, 12, 13, 16, 17, 22], "summary": {"covered_lines": 5, "num_statements": 6, "percent_covered": 83.33333333333333, "percent_covered_display": "83", "missing_lines": 1, "excluded_lines": 0}, "missing_lines": [32], "excluded_lines": [], "functions": {"ConceptCheck._get_factory": {"executed_lines": [], "summary": {"covered_lines": 0, "num_statements": 1, "percent_covered": 0.0, "percent_covered_display": "0", "missing_lines": 1, "excluded_lines": 0}, "missing_lines": [32], "excluded_lines": []}, "": {"executed_lines": [1, 11, 12, 13, 16, 17, 22], "summary": {"covered_lines": 5, "num_statements": 5, "percent_covered": 100.0, "percent_covered_display": "100", "missing_lines": 0, "excluded_lines": 0}, "missing_lines": [], "excluded_lines": []}}, "classes": {"ConceptCheck": {"executed_lines": [], "summary": {"covered_lines": 0, "num_statements": 1, "percent_covered": 0.0, "percent_covered_display": "0", "missing_lines": 1, "excluded_lines": 0}, "missing_lines": [32], "excluded_lines": []}, "": {"executed_lines": [1, 11, 12, 13, 16, 17, 22], "summary": {"covered_lines": 5, "num_statements": 5, "percent_covered": 100.0, "percent_covered_display": "100", "missing_lines": 0, "excluded_lines": 0}, "missing_lines": [], "excluded_lines": []}}}, "circe/check/checkers/concept_checker_factory.py": {"executed_lines": [1, 11, 12, 13, 14, 15, 18, 19, 25, 38, 39, 44, 46, 55, 56, 68, 198, 213], "summary": {"covered_lines": 16, "num_statements": 124, "percent_covered": 12.903225806451612, "percent_covered_display": "13", "missing_lines": 108, "excluded_lines": 3}, "missing_lines": [26, 27, 53, 66, 78, 85, 86, 88, 89, 90, 91, 92, 94, 95, 96, 98, 99, 100, 101, 102, 104, 105, 106, 108, 109, 111, 112, 113, 114, 115, 116, 117, 119, 120, 121, 122, 123, 124, 125, 126, 128, 129, 130, 131, 132, 133, 134, 135, 137, 138, 140, 141, 142, 143, 144, 145, 147, 148, 149, 150, 151, 152, 154, 155, 156, 157, 158, 160, 161, 163, 164, 167, 168, 169, 170, 171, 172, 173, 174, 175, 176, 177, 178, 179, 180, 181, 182, 183, 184, 185, 186, 187, 188, 189, 190, 191, 192, 193, 194, 196, 207, 208, 209, 210, 211, 221, 222, 224], "excluded_lines": [28, 29, 35], "functions": {"ConceptCheckerFactory.__init__": {"executed_lines": [], "summary": {"covered_lines": 0, "num_statements": 1, "percent_covered": 0.0, "percent_covered_display": "0", "missing_lines": 1, "excluded_lines": 0}, "missing_lines": [53], "excluded_lines": []}, "ConceptCheckerFactory.get_factory": {"executed_lines": [], "summary": {"covered_lines": 0, "num_statements": 1, "percent_covered": 0.0, "percent_covered_display": "0", "missing_lines": 1, "excluded_lines": 0}, "missing_lines": [66], "excluded_lines": []}, "ConceptCheckerFactory._get_check_criteria": {"executed_lines": [], "summary": {"covered_lines": 0, "num_statements": 45, "percent_covered": 0.0, "percent_covered_display": "0", "missing_lines": 45, "excluded_lines": 0}, "missing_lines": [78, 85, 88, 94, 98, 104, 108, 111, 119, 128, 137, 140, 147, 154, 160, 163, 167, 168, 169, 170, 171, 172, 173, 174, 175, 176, 177, 178, 179, 180, 181, 182, 183, 184, 185, 186, 187, 188, 189, 190, 191, 192, 193, 194, 196], "excluded_lines": []}, "ConceptCheckerFactory._get_check_criteria.check_condition_era": {"executed_lines": [], "summary": {"covered_lines": 0, "num_statements": 1, "percent_covered": 0.0, "percent_covered_display": "0", "missing_lines": 1, "excluded_lines": 0}, "missing_lines": [86], "excluded_lines": []}, "ConceptCheckerFactory._get_check_criteria.check_condition_occurrence": {"executed_lines": [], "summary": {"covered_lines": 0, "num_statements": 4, "percent_covered": 0.0, "percent_covered_display": "0", "missing_lines": 4, "excluded_lines": 0}, "missing_lines": [89, 90, 91, 92], "excluded_lines": []}, "ConceptCheckerFactory._get_check_criteria.check_death": {"executed_lines": [], "summary": {"covered_lines": 0, "num_statements": 2, "percent_covered": 0.0, "percent_covered_display": "0", "missing_lines": 2, "excluded_lines": 0}, "missing_lines": [95, 96], "excluded_lines": []}, "ConceptCheckerFactory._get_check_criteria.check_device_exposure": {"executed_lines": [], "summary": {"covered_lines": 0, "num_statements": 4, "percent_covered": 0.0, "percent_covered_display": "0", "missing_lines": 4, "excluded_lines": 0}, "missing_lines": [99, 100, 101, 102], "excluded_lines": []}, "ConceptCheckerFactory._get_check_criteria.check_dose_era": {"executed_lines": [], "summary": {"covered_lines": 0, "num_statements": 2, "percent_covered": 0.0, "percent_covered_display": "0", "missing_lines": 2, "excluded_lines": 0}, "missing_lines": [105, 106], "excluded_lines": []}, "ConceptCheckerFactory._get_check_criteria.check_drug_era": {"executed_lines": [], "summary": {"covered_lines": 0, "num_statements": 1, "percent_covered": 0.0, "percent_covered_display": "0", "missing_lines": 1, "excluded_lines": 0}, "missing_lines": [109], "excluded_lines": []}, "ConceptCheckerFactory._get_check_criteria.check_drug_exposure": {"executed_lines": [], "summary": {"covered_lines": 0, "num_statements": 6, "percent_covered": 0.0, "percent_covered_display": "0", "missing_lines": 6, "excluded_lines": 0}, "missing_lines": [112, 113, 114, 115, 116, 117], "excluded_lines": []}, "ConceptCheckerFactory._get_check_criteria.check_measurement": {"executed_lines": [], "summary": {"covered_lines": 0, "num_statements": 7, "percent_covered": 0.0, "percent_covered_display": "0", "missing_lines": 7, "excluded_lines": 0}, "missing_lines": [120, 121, 122, 123, 124, 125, 126], "excluded_lines": []}, "ConceptCheckerFactory._get_check_criteria.check_observation": {"executed_lines": [], "summary": {"covered_lines": 0, "num_statements": 7, "percent_covered": 0.0, "percent_covered_display": "0", "missing_lines": 7, "excluded_lines": 0}, "missing_lines": [129, 130, 131, 132, 133, 134, 135], "excluded_lines": []}, "ConceptCheckerFactory._get_check_criteria.check_observation_period": {"executed_lines": [], "summary": {"covered_lines": 0, "num_statements": 1, "percent_covered": 0.0, "percent_covered_display": "0", "missing_lines": 1, "excluded_lines": 0}, "missing_lines": [138], "excluded_lines": []}, "ConceptCheckerFactory._get_check_criteria.check_procedure_occurrence": {"executed_lines": [], "summary": {"covered_lines": 0, "num_statements": 5, "percent_covered": 0.0, "percent_covered_display": "0", "missing_lines": 5, "excluded_lines": 0}, "missing_lines": [141, 142, 143, 144, 145], "excluded_lines": []}, "ConceptCheckerFactory._get_check_criteria.check_specimen": {"executed_lines": [], "summary": {"covered_lines": 0, "num_statements": 5, "percent_covered": 0.0, "percent_covered_display": "0", "missing_lines": 5, "excluded_lines": 0}, "missing_lines": [148, 149, 150, 151, 152], "excluded_lines": []}, "ConceptCheckerFactory._get_check_criteria.check_visit_occurrence": {"executed_lines": [], "summary": {"covered_lines": 0, "num_statements": 4, "percent_covered": 0.0, "percent_covered_display": "0", "missing_lines": 4, "excluded_lines": 0}, "missing_lines": [155, 156, 157, 158], "excluded_lines": []}, "ConceptCheckerFactory._get_check_criteria.check_payer_plan_period": {"executed_lines": [], "summary": {"covered_lines": 0, "num_statements": 1, "percent_covered": 0.0, "percent_covered_display": "0", "missing_lines": 1, "excluded_lines": 0}, "missing_lines": [161], "excluded_lines": []}, "ConceptCheckerFactory._get_check_criteria.default_check": {"executed_lines": [], "summary": {"covered_lines": 0, "num_statements": 1, "percent_covered": 0.0, "percent_covered_display": "0", "missing_lines": 1, "excluded_lines": 0}, "missing_lines": [164], "excluded_lines": []}, "ConceptCheckerFactory._get_check_demographic": {"executed_lines": [], "summary": {"covered_lines": 0, "num_statements": 2, "percent_covered": 0.0, "percent_covered_display": "0", "missing_lines": 2, "excluded_lines": 0}, "missing_lines": [207, 211], "excluded_lines": []}, "ConceptCheckerFactory._get_check_demographic.check": {"executed_lines": [], "summary": {"covered_lines": 0, "num_statements": 3, "percent_covered": 0.0, "percent_covered_display": "0", "missing_lines": 3, "excluded_lines": 0}, "missing_lines": [208, 209, 210], "excluded_lines": []}, "ConceptCheckerFactory._check_concept": {"executed_lines": [], "summary": {"covered_lines": 0, "num_statements": 2, "percent_covered": 0.0, "percent_covered_display": "0", "missing_lines": 2, "excluded_lines": 0}, "missing_lines": [221, 224], "excluded_lines": []}, "ConceptCheckerFactory._check_concept.warning": {"executed_lines": [], "summary": {"covered_lines": 0, "num_statements": 1, "percent_covered": 0.0, "percent_covered_display": "0", "missing_lines": 1, "excluded_lines": 0}, "missing_lines": [222], "excluded_lines": []}, "": {"executed_lines": [1, 11, 12, 13, 14, 15, 18, 19, 25, 38, 39, 44, 46, 55, 56, 68, 198, 213], "summary": {"covered_lines": 16, "num_statements": 18, "percent_covered": 88.88888888888889, "percent_covered_display": "89", "missing_lines": 2, "excluded_lines": 3}, "missing_lines": [26, 27], "excluded_lines": [28, 29, 35]}}, "classes": {"ConceptCheckerFactory": {"executed_lines": [], "summary": {"covered_lines": 0, "num_statements": 106, "percent_covered": 0.0, "percent_covered_display": "0", "missing_lines": 106, "excluded_lines": 0}, "missing_lines": [53, 66, 78, 85, 86, 88, 89, 90, 91, 92, 94, 95, 96, 98, 99, 100, 101, 102, 104, 105, 106, 108, 109, 111, 112, 113, 114, 115, 116, 117, 119, 120, 121, 122, 123, 124, 125, 126, 128, 129, 130, 131, 132, 133, 134, 135, 137, 138, 140, 141, 142, 143, 144, 145, 147, 148, 149, 150, 151, 152, 154, 155, 156, 157, 158, 160, 161, 163, 164, 167, 168, 169, 170, 171, 172, 173, 174, 175, 176, 177, 178, 179, 180, 181, 182, 183, 184, 185, 186, 187, 188, 189, 190, 191, 192, 193, 194, 196, 207, 208, 209, 210, 211, 221, 222, 224], "excluded_lines": []}, "": {"executed_lines": [1, 11, 12, 13, 14, 15, 18, 19, 25, 38, 39, 44, 46, 55, 56, 68, 198, 213], "summary": {"covered_lines": 16, "num_statements": 18, "percent_covered": 88.88888888888889, "percent_covered_display": "89", "missing_lines": 2, "excluded_lines": 3}, "missing_lines": [26, 27], "excluded_lines": [28, 29, 35]}}}, "circe/check/checkers/concept_set_criteria_check.py": {"executed_lines": [1, 11, 12, 13, 14, 15, 16, 19, 20, 35, 36, 41, 43, 49, 51, 59, 60, 61, 64, 70], "summary": {"covered_lines": 18, "num_statements": 20, "percent_covered": 90.0, "percent_covered_display": "90", "missing_lines": 2, "excluded_lines": 2}, "missing_lines": [25, 26], "excluded_lines": [27, 28], "functions": {"ConceptSetCriteriaCheck._define_severity": {"executed_lines": [49], "summary": {"covered_lines": 1, "num_statements": 1, "percent_covered": 100.0, "percent_covered_display": "100", "missing_lines": 0, "excluded_lines": 0}, "missing_lines": [], "excluded_lines": []}, "ConceptSetCriteriaCheck._check_criteria": {"executed_lines": [59, 60, 61, 64, 70], "summary": {"covered_lines": 5, "num_statements": 5, "percent_covered": 100.0, "percent_covered_display": "100", "missing_lines": 0, "excluded_lines": 0}, "missing_lines": [], "excluded_lines": []}, "": {"executed_lines": [1, 11, 12, 13, 14, 15, 16, 19, 20, 35, 36, 41, 43, 51], "summary": {"covered_lines": 12, "num_statements": 14, "percent_covered": 85.71428571428571, "percent_covered_display": "86", "missing_lines": 2, "excluded_lines": 2}, "missing_lines": [25, 26], "excluded_lines": [27, 28]}}, "classes": {"ConceptSetCriteriaCheck": {"executed_lines": [49, 59, 60, 61, 64, 70], "summary": {"covered_lines": 6, "num_statements": 6, "percent_covered": 100.0, "percent_covered_display": "100", "missing_lines": 0, "excluded_lines": 0}, "missing_lines": [], "excluded_lines": []}, "": {"executed_lines": [1, 11, 12, 13, 14, 15, 16, 19, 20, 35, 36, 41, 43, 51], "summary": {"covered_lines": 12, "num_statements": 14, "percent_covered": 85.71428571428571, "percent_covered_display": "86", "missing_lines": 2, "excluded_lines": 2}, "missing_lines": [25, 26], "excluded_lines": [27, 28]}}}, "circe/check/checkers/concept_set_selection_check.py": {"executed_lines": [1, 11, 12, 13, 16, 17, 22], "summary": {"covered_lines": 5, "num_statements": 6, "percent_covered": 83.33333333333333, "percent_covered_display": "83", "missing_lines": 1, "excluded_lines": 0}, "missing_lines": [32], "excluded_lines": [], "functions": {"ConceptSetSelectionCheck._get_factory": {"executed_lines": [], "summary": {"covered_lines": 0, "num_statements": 1, "percent_covered": 0.0, "percent_covered_display": "0", "missing_lines": 1, "excluded_lines": 0}, "missing_lines": [32], "excluded_lines": []}, "": {"executed_lines": [1, 11, 12, 13, 16, 17, 22], "summary": {"covered_lines": 5, "num_statements": 5, "percent_covered": 100.0, "percent_covered_display": "100", "missing_lines": 0, "excluded_lines": 0}, "missing_lines": [], "excluded_lines": []}}, "classes": {"ConceptSetSelectionCheck": {"executed_lines": [], "summary": {"covered_lines": 0, "num_statements": 1, "percent_covered": 0.0, "percent_covered_display": "0", "missing_lines": 1, "excluded_lines": 0}, "missing_lines": [32], "excluded_lines": []}, "": {"executed_lines": [1, 11, 12, 13, 16, 17, 22], "summary": {"covered_lines": 5, "num_statements": 5, "percent_covered": 100.0, "percent_covered_display": "100", "missing_lines": 0, "excluded_lines": 0}, "missing_lines": [], "excluded_lines": []}}}, "circe/check/checkers/concept_set_selection_checker_factory.py": {"executed_lines": [1, 11, 12, 13, 14, 15, 18, 19, 20, 28, 29, 34, 36, 45, 46, 58, 88, 99], "summary": {"covered_lines": 16, "num_statements": 33, "percent_covered": 48.484848484848484, "percent_covered_display": "48", "missing_lines": 17, "excluded_lines": 3}, "missing_lines": [21, 22, 43, 56, 68, 70, 71, 72, 75, 78, 81, 84, 86, 97, 112, 113, 115], "excluded_lines": [23, 24, 25], "functions": {"ConceptSetSelectionCheckerFactory.__init__": {"executed_lines": [], "summary": {"covered_lines": 0, "num_statements": 1, "percent_covered": 0.0, "percent_covered_display": "0", "missing_lines": 1, "excluded_lines": 0}, "missing_lines": [43], "excluded_lines": []}, "ConceptSetSelectionCheckerFactory.get_factory": {"executed_lines": [], "summary": {"covered_lines": 0, "num_statements": 1, "percent_covered": 0.0, "percent_covered_display": "0", "missing_lines": 1, "excluded_lines": 0}, "missing_lines": [56], "excluded_lines": []}, "ConceptSetSelectionCheckerFactory._get_check_criteria": {"executed_lines": [], "summary": {"covered_lines": 0, "num_statements": 5, "percent_covered": 0.0, "percent_covered_display": "0", "missing_lines": 5, "excluded_lines": 0}, "missing_lines": [68, 70, 71, 84, 86], "excluded_lines": []}, "ConceptSetSelectionCheckerFactory._get_check_criteria.check": {"executed_lines": [], "summary": {"covered_lines": 0, "num_statements": 4, "percent_covered": 0.0, "percent_covered_display": "0", "missing_lines": 4, "excluded_lines": 0}, "missing_lines": [72, 75, 78, 81], "excluded_lines": []}, "ConceptSetSelectionCheckerFactory._get_check_demographic": {"executed_lines": [], "summary": {"covered_lines": 0, "num_statements": 1, "percent_covered": 0.0, "percent_covered_display": "0", "missing_lines": 1, "excluded_lines": 0}, "missing_lines": [97], "excluded_lines": []}, "ConceptSetSelectionCheckerFactory._check_concept_set_selection": {"executed_lines": [], "summary": {"covered_lines": 0, "num_statements": 2, "percent_covered": 0.0, "percent_covered_display": "0", "missing_lines": 2, "excluded_lines": 0}, "missing_lines": [112, 115], "excluded_lines": []}, "ConceptSetSelectionCheckerFactory._check_concept_set_selection.warning": {"executed_lines": [], "summary": {"covered_lines": 0, "num_statements": 1, "percent_covered": 0.0, "percent_covered_display": "0", "missing_lines": 1, "excluded_lines": 0}, "missing_lines": [113], "excluded_lines": []}, "": {"executed_lines": [1, 11, 12, 13, 14, 15, 18, 19, 20, 28, 29, 34, 36, 45, 46, 58, 88, 99], "summary": {"covered_lines": 16, "num_statements": 18, "percent_covered": 88.88888888888889, "percent_covered_display": "89", "missing_lines": 2, "excluded_lines": 3}, "missing_lines": [21, 22], "excluded_lines": [23, 24, 25]}}, "classes": {"ConceptSetSelectionCheckerFactory": {"executed_lines": [], "summary": {"covered_lines": 0, "num_statements": 15, "percent_covered": 0.0, "percent_covered_display": "0", "missing_lines": 15, "excluded_lines": 0}, "missing_lines": [43, 56, 68, 70, 71, 72, 75, 78, 81, 84, 86, 97, 112, 113, 115], "excluded_lines": []}, "": {"executed_lines": [1, 11, 12, 13, 14, 15, 18, 19, 20, 28, 29, 34, 36, 45, 46, 58, 88, 99], "summary": {"covered_lines": 16, "num_statements": 18, "percent_covered": 88.88888888888889, "percent_covered_display": "89", "missing_lines": 2, "excluded_lines": 3}, "missing_lines": [21, 22], "excluded_lines": [23, 24, 25]}}}, "circe/check/checkers/criteria_checker_factory.py": {"executed_lines": [1, 11, 12, 13, 16, 17, 18, 24, 38, 39, 47, 53, 55, 56, 65, 67, 77, 83, 85, 86, 88, 89, 92, 93, 95, 99, 100, 102, 103, 105, 106, 109, 110, 113, 114, 117, 118, 121, 124, 125, 127, 138, 139, 141, 145, 146, 147, 148, 149, 150, 151, 153, 154, 155, 156, 157, 158, 159, 160, 161, 162, 163, 164, 165, 167, 168, 169, 171, 172, 176], "summary": {"covered_lines": 68, "num_statements": 91, "percent_covered": 74.72527472527473, "percent_covered_display": "75", "missing_lines": 23, "excluded_lines": 4}, "missing_lines": [25, 26, 96, 122, 128, 129, 131, 132, 133, 134, 135, 136, 142, 152, 166, 170, 174, 185, 186, 187, 188, 189, 190], "excluded_lines": [27, 28, 29, 35], "functions": {"CriteriaCheckerFactory.__init__": {"executed_lines": [53], "summary": {"covered_lines": 1, "num_statements": 1, "percent_covered": 100.0, "percent_covered_display": "100", "missing_lines": 0, "excluded_lines": 0}, "missing_lines": [], "excluded_lines": []}, "CriteriaCheckerFactory.get_factory": {"executed_lines": [65], "summary": {"covered_lines": 1, "num_statements": 1, "percent_covered": 100.0, "percent_covered_display": "100", "missing_lines": 0, "excluded_lines": 0}, "missing_lines": [], "excluded_lines": []}, "CriteriaCheckerFactory.get_criteria_checker": {"executed_lines": [77, 83, 85, 88, 92, 95, 99, 102, 105, 109, 113, 117, 121, 124, 127, 138, 141, 145, 146, 147, 148, 149, 150, 151, 153, 154, 155, 156, 157, 158, 159, 160, 161, 162, 163, 164, 165, 167, 168, 169, 171, 172], "summary": {"covered_lines": 42, "num_statements": 46, "percent_covered": 91.30434782608695, "percent_covered_display": "91", "missing_lines": 4, "excluded_lines": 0}, "missing_lines": [152, 166, 170, 174], "excluded_lines": []}, "CriteriaCheckerFactory.get_criteria_checker.check_condition_era": {"executed_lines": [86], "summary": {"covered_lines": 1, "num_statements": 1, "percent_covered": 100.0, "percent_covered_display": "100", "missing_lines": 0, "excluded_lines": 0}, "missing_lines": [], "excluded_lines": []}, "CriteriaCheckerFactory.get_criteria_checker.check_condition_occurrence": {"executed_lines": [89], "summary": {"covered_lines": 1, "num_statements": 1, "percent_covered": 100.0, "percent_covered_display": "100", "missing_lines": 0, "excluded_lines": 0}, "missing_lines": [], "excluded_lines": []}, "CriteriaCheckerFactory.get_criteria_checker.check_death": {"executed_lines": [93], "summary": {"covered_lines": 1, "num_statements": 1, "percent_covered": 100.0, "percent_covered_display": "100", "missing_lines": 0, "excluded_lines": 0}, "missing_lines": [], "excluded_lines": []}, "CriteriaCheckerFactory.get_criteria_checker.check_device_exposure": {"executed_lines": [], "summary": {"covered_lines": 0, "num_statements": 1, "percent_covered": 0.0, "percent_covered_display": "0", "missing_lines": 1, "excluded_lines": 0}, "missing_lines": [96], "excluded_lines": []}, "CriteriaCheckerFactory.get_criteria_checker.check_dose_era": {"executed_lines": [100], "summary": {"covered_lines": 1, "num_statements": 1, "percent_covered": 100.0, "percent_covered_display": "100", "missing_lines": 0, "excluded_lines": 0}, "missing_lines": [], "excluded_lines": []}, "CriteriaCheckerFactory.get_criteria_checker.check_drug_era": {"executed_lines": [103], "summary": {"covered_lines": 1, "num_statements": 1, "percent_covered": 100.0, "percent_covered_display": "100", "missing_lines": 0, "excluded_lines": 0}, "missing_lines": [], "excluded_lines": []}, "CriteriaCheckerFactory.get_criteria_checker.check_drug_exposure": {"executed_lines": [106], "summary": {"covered_lines": 1, "num_statements": 1, "percent_covered": 100.0, "percent_covered_display": "100", "missing_lines": 0, "excluded_lines": 0}, "missing_lines": [], "excluded_lines": []}, "CriteriaCheckerFactory.get_criteria_checker.check_measurement": {"executed_lines": [110], "summary": {"covered_lines": 1, "num_statements": 1, "percent_covered": 100.0, "percent_covered_display": "100", "missing_lines": 0, "excluded_lines": 0}, "missing_lines": [], "excluded_lines": []}, "CriteriaCheckerFactory.get_criteria_checker.check_observation": {"executed_lines": [114], "summary": {"covered_lines": 1, "num_statements": 1, "percent_covered": 100.0, "percent_covered_display": "100", "missing_lines": 0, "excluded_lines": 0}, "missing_lines": [], "excluded_lines": []}, "CriteriaCheckerFactory.get_criteria_checker.check_procedure_occurrence": {"executed_lines": [118], "summary": {"covered_lines": 1, "num_statements": 1, "percent_covered": 100.0, "percent_covered_display": "100", "missing_lines": 0, "excluded_lines": 0}, "missing_lines": [], "excluded_lines": []}, "CriteriaCheckerFactory.get_criteria_checker.check_specimen": {"executed_lines": [], "summary": {"covered_lines": 0, "num_statements": 1, "percent_covered": 0.0, "percent_covered_display": "0", "missing_lines": 1, "excluded_lines": 0}, "missing_lines": [122], "excluded_lines": []}, "CriteriaCheckerFactory.get_criteria_checker.check_visit_occurrence": {"executed_lines": [125], "summary": {"covered_lines": 1, "num_statements": 1, "percent_covered": 100.0, "percent_covered_display": "100", "missing_lines": 0, "excluded_lines": 0}, "missing_lines": [], "excluded_lines": []}, "CriteriaCheckerFactory.get_criteria_checker.check_visit_detail": {"executed_lines": [], "summary": {"covered_lines": 0, "num_statements": 8, "percent_covered": 0.0, "percent_covered_display": "0", "missing_lines": 8, "excluded_lines": 0}, "missing_lines": [128, 129, 131, 132, 133, 134, 135, 136], "excluded_lines": []}, "CriteriaCheckerFactory.get_criteria_checker.check_location_region": {"executed_lines": [139], "summary": {"covered_lines": 1, "num_statements": 1, "percent_covered": 100.0, "percent_covered_display": "100", "missing_lines": 0, "excluded_lines": 0}, "missing_lines": [], "excluded_lines": []}, "CriteriaCheckerFactory.get_criteria_checker.default_check": {"executed_lines": [], "summary": {"covered_lines": 0, "num_statements": 1, "percent_covered": 0.0, "percent_covered_display": "0", "missing_lines": 1, "excluded_lines": 0}, "missing_lines": [142], "excluded_lines": []}, "CriteriaCheckerFactory._get_concept_set_selection_suppliers": {"executed_lines": [], "summary": {"covered_lines": 0, "num_statements": 6, "percent_covered": 0.0, "percent_covered_display": "0", "missing_lines": 6, "excluded_lines": 0}, "missing_lines": [185, 186, 187, 188, 189, 190], "excluded_lines": []}, "": {"executed_lines": [1, 11, 12, 13, 16, 17, 18, 24, 38, 39, 47, 55, 56, 67, 176], "summary": {"covered_lines": 13, "num_statements": 15, "percent_covered": 86.66666666666667, "percent_covered_display": "87", "missing_lines": 2, "excluded_lines": 4}, "missing_lines": [25, 26], "excluded_lines": [27, 28, 29, 35]}}, "classes": {"CriteriaCheckerFactory": {"executed_lines": [53, 65, 77, 83, 85, 86, 88, 89, 92, 93, 95, 99, 100, 102, 103, 105, 106, 109, 110, 113, 114, 117, 118, 121, 124, 125, 127, 138, 139, 141, 145, 146, 147, 148, 149, 150, 151, 153, 154, 155, 156, 157, 158, 159, 160, 161, 162, 163, 164, 165, 167, 168, 169, 171, 172], "summary": {"covered_lines": 55, "num_statements": 76, "percent_covered": 72.36842105263158, "percent_covered_display": "72", "missing_lines": 21, "excluded_lines": 0}, "missing_lines": [96, 122, 128, 129, 131, 132, 133, 134, 135, 136, 142, 152, 166, 170, 174, 185, 186, 187, 188, 189, 190], "excluded_lines": []}, "": {"executed_lines": [1, 11, 12, 13, 16, 17, 18, 24, 38, 39, 47, 55, 56, 67, 176], "summary": {"covered_lines": 13, "num_statements": 15, "percent_covered": 86.66666666666667, "percent_covered_display": "87", "missing_lines": 2, "excluded_lines": 4}, "missing_lines": [25, 26], "excluded_lines": [27, 28, 29, 35]}}}, "circe/check/checkers/criteria_contradictions_check.py": {"executed_lines": [1, 11, 12, 13, 14, 15, 16, 19, 20, 21, 29, 30, 35, 42, 43, 45, 46, 48, 50, 51, 53, 56, 57, 62, 64, 66, 67, 69, 75, 77, 85, 86, 88, 95, 96, 97, 98, 99, 100, 102, 104, 114, 117, 118, 121, 123, 133, 134, 135, 136, 137, 138, 142, 152, 153, 156, 157, 158, 160, 162, 163, 166], "summary": {"covered_lines": 59, "num_statements": 65, "percent_covered": 90.76923076923077, "percent_covered_display": "91", "missing_lines": 6, "excluded_lines": 3}, "missing_lines": [22, 23, 115, 140, 159, 161], "excluded_lines": [24, 25, 26], "functions": {"CriteriaInfo.__init__": {"executed_lines": [42, 43], "summary": {"covered_lines": 2, "num_statements": 2, "percent_covered": 100.0, "percent_covered_display": "100", "missing_lines": 0, "excluded_lines": 0}, "missing_lines": [], "excluded_lines": []}, "CriteriaInfo.name": {"executed_lines": [48], "summary": {"covered_lines": 1, "num_statements": 1, "percent_covered": 100.0, "percent_covered_display": "100", "missing_lines": 0, "excluded_lines": 0}, "missing_lines": [], "excluded_lines": []}, "CriteriaInfo.criteria": {"executed_lines": [53], "summary": {"covered_lines": 1, "num_statements": 1, "percent_covered": 100.0, "percent_covered_display": "100", "missing_lines": 0, "excluded_lines": 0}, "missing_lines": [], "excluded_lines": []}, "CriteriaContradictionsCheck.__init__": {"executed_lines": [66, 67], "summary": {"covered_lines": 2, "num_statements": 2, "percent_covered": 100.0, "percent_covered_display": "100", "missing_lines": 0, "excluded_lines": 0}, "missing_lines": [], "excluded_lines": []}, "CriteriaContradictionsCheck._define_severity": {"executed_lines": [75], "summary": {"covered_lines": 1, "num_statements": 1, "percent_covered": 100.0, "percent_covered_display": "100", "missing_lines": 0, "excluded_lines": 0}, "missing_lines": [], "excluded_lines": []}, "CriteriaContradictionsCheck._check_criteria": {"executed_lines": [85, 86], "summary": {"covered_lines": 2, "num_statements": 2, "percent_covered": 100.0, "percent_covered_display": "100", "missing_lines": 0, "excluded_lines": 0}, "missing_lines": [], "excluded_lines": []}, "CriteriaContradictionsCheck._after_check": {"executed_lines": [95, 96, 97, 98, 99, 100, 102], "summary": {"covered_lines": 7, "num_statements": 7, "percent_covered": 100.0, "percent_covered_display": "100", "missing_lines": 0, "excluded_lines": 0}, "missing_lines": [], "excluded_lines": []}, "CriteriaContradictionsCheck._check_contradiction": {"executed_lines": [114, 117, 118, 121], "summary": {"covered_lines": 4, "num_statements": 5, "percent_covered": 80.0, "percent_covered_display": "80", "missing_lines": 1, "excluded_lines": 0}, "missing_lines": [115], "excluded_lines": []}, "CriteriaContradictionsCheck._get_occurrence_range": {"executed_lines": [133, 134, 135, 136, 137, 138], "summary": {"covered_lines": 6, "num_statements": 7, "percent_covered": 85.71428571428571, "percent_covered_display": "86", "missing_lines": 1, "excluded_lines": 0}, "missing_lines": [140], "excluded_lines": []}, "CriteriaContradictionsCheck._ranges_overlap": {"executed_lines": [152, 153, 156, 157, 158, 160, 162, 163, 166], "summary": {"covered_lines": 9, "num_statements": 11, "percent_covered": 81.81818181818181, "percent_covered_display": "82", "missing_lines": 2, "excluded_lines": 0}, "missing_lines": [159, 161], "excluded_lines": []}, "": {"executed_lines": [1, 11, 12, 13, 14, 15, 16, 19, 20, 21, 29, 30, 35, 45, 46, 50, 51, 56, 57, 62, 64, 69, 77, 88, 104, 123, 142], "summary": {"covered_lines": 24, "num_statements": 26, "percent_covered": 92.3076923076923, "percent_covered_display": "92", "missing_lines": 2, "excluded_lines": 3}, "missing_lines": [22, 23], "excluded_lines": [24, 25, 26]}}, "classes": {"CriteriaInfo": {"executed_lines": [42, 43, 48, 53], "summary": {"covered_lines": 4, "num_statements": 4, "percent_covered": 100.0, "percent_covered_display": "100", "missing_lines": 0, "excluded_lines": 0}, "missing_lines": [], "excluded_lines": []}, "CriteriaContradictionsCheck": {"executed_lines": [66, 67, 75, 85, 86, 95, 96, 97, 98, 99, 100, 102, 114, 117, 118, 121, 133, 134, 135, 136, 137, 138, 152, 153, 156, 157, 158, 160, 162, 163, 166], "summary": {"covered_lines": 31, "num_statements": 35, "percent_covered": 88.57142857142857, "percent_covered_display": "89", "missing_lines": 4, "excluded_lines": 0}, "missing_lines": [115, 140, 159, 161], "excluded_lines": []}, "": {"executed_lines": [1, 11, 12, 13, 14, 15, 16, 19, 20, 21, 29, 30, 35, 45, 46, 50, 51, 56, 57, 62, 64, 69, 77, 88, 104, 123, 142], "summary": {"covered_lines": 24, "num_statements": 26, "percent_covered": 92.3076923076923, "percent_covered_display": "92", "missing_lines": 2, "excluded_lines": 3}, "missing_lines": [22, 23], "excluded_lines": [24, 25, 26]}}}, "circe/check/checkers/death_time_window_check.py": {"executed_lines": [1, 11, 12, 13, 14, 15, 16, 19, 20, 21, 29, 30, 35, 37, 43, 45, 52, 55, 56, 63, 64, 70, 78, 81, 82, 83, 84, 85, 86, 87, 89, 90, 92, 100, 101, 102, 103, 104, 105, 111, 119, 121, 122, 123], "summary": {"covered_lines": 42, "num_statements": 49, "percent_covered": 85.71428571428571, "percent_covered_display": "86", "missing_lines": 7, "excluded_lines": 3}, "missing_lines": [22, 23, 79, 106, 107, 108, 109], "excluded_lines": [24, 25, 26], "functions": {"DeathTimeWindowCheck._define_severity": {"executed_lines": [43], "summary": {"covered_lines": 1, "num_statements": 1, "percent_covered": 100.0, "percent_covered_display": "100", "missing_lines": 0, "excluded_lines": 0}, "missing_lines": [], "excluded_lines": []}, "DeathTimeWindowCheck._internal_check": {"executed_lines": [52, 55, 56, 63, 64], "summary": {"covered_lines": 5, "num_statements": 5, "percent_covered": 100.0, "percent_covered_display": "100", "missing_lines": 0, "excluded_lines": 0}, "missing_lines": [], "excluded_lines": []}, "DeathTimeWindowCheck._check_criteria_list": {"executed_lines": [78, 81, 82, 83, 84, 85, 86, 87, 89, 90], "summary": {"covered_lines": 10, "num_statements": 11, "percent_covered": 90.9090909090909, "percent_covered_display": "91", "missing_lines": 1, "excluded_lines": 0}, "missing_lines": [79], "excluded_lines": []}, "DeathTimeWindowCheck._check_criteria_group": {"executed_lines": [100, 101, 102, 103, 104, 105], "summary": {"covered_lines": 6, "num_statements": 10, "percent_covered": 60.0, "percent_covered_display": "60", "missing_lines": 4, "excluded_lines": 0}, "missing_lines": [106, 107, 108, 109], "excluded_lines": []}, "DeathTimeWindowCheck._check_criteria": {"executed_lines": [119, 121, 122, 123], "summary": {"covered_lines": 4, "num_statements": 4, "percent_covered": 100.0, "percent_covered_display": "100", "missing_lines": 0, "excluded_lines": 0}, "missing_lines": [], "excluded_lines": []}, "": {"executed_lines": [1, 11, 12, 13, 14, 15, 16, 19, 20, 21, 29, 30, 35, 37, 45, 70, 92, 111], "summary": {"covered_lines": 16, "num_statements": 18, "percent_covered": 88.88888888888889, "percent_covered_display": "89", "missing_lines": 2, "excluded_lines": 3}, "missing_lines": [22, 23], "excluded_lines": [24, 25, 26]}}, "classes": {"DeathTimeWindowCheck": {"executed_lines": [43, 52, 55, 56, 63, 64, 78, 81, 82, 83, 84, 85, 86, 87, 89, 90, 100, 101, 102, 103, 104, 105, 119, 121, 122, 123], "summary": {"covered_lines": 26, "num_statements": 31, "percent_covered": 83.87096774193549, "percent_covered_display": "84", "missing_lines": 5, "excluded_lines": 0}, "missing_lines": [79, 106, 107, 108, 109], "excluded_lines": []}, "": {"executed_lines": [1, 11, 12, 13, 14, 15, 16, 19, 20, 21, 29, 30, 35, 37, 45, 70, 92, 111], "summary": {"covered_lines": 16, "num_statements": 18, "percent_covered": 88.88888888888889, "percent_covered_display": "89", "missing_lines": 2, "excluded_lines": 3}, "missing_lines": [22, 23], "excluded_lines": [24, 25, 26]}}}, "circe/check/checkers/domain_type_check.py": {"executed_lines": [1, 11, 12, 13, 14, 15, 16, 17, 18, 21, 22, 23, 39, 40, 45, 47, 49, 50, 52, 58, 60, 68, 70, 71, 74, 80, 132, 139, 140, 141], "summary": {"covered_lines": 28, "num_statements": 30, "percent_covered": 93.33333333333333, "percent_covered_display": "93", "missing_lines": 2, "excluded_lines": 3}, "missing_lines": [28, 29], "excluded_lines": [30, 31, 32], "functions": {"DomainTypeCheck.__init__": {"executed_lines": [49, 50], "summary": {"covered_lines": 2, "num_statements": 2, "percent_covered": 100.0, "percent_covered_display": "100", "missing_lines": 0, "excluded_lines": 0}, "missing_lines": [], "excluded_lines": []}, "DomainTypeCheck._define_severity": {"executed_lines": [58], "summary": {"covered_lines": 1, "num_statements": 1, "percent_covered": 100.0, "percent_covered_display": "100", "missing_lines": 0, "excluded_lines": 0}, "missing_lines": [], "excluded_lines": []}, "DomainTypeCheck._check_criteria": {"executed_lines": [68, 70, 74, 80], "summary": {"covered_lines": 4, "num_statements": 4, "percent_covered": 100.0, "percent_covered_display": "100", "missing_lines": 0, "excluded_lines": 0}, "missing_lines": [], "excluded_lines": []}, "DomainTypeCheck._check_criteria.add_warning": {"executed_lines": [71], "summary": {"covered_lines": 1, "num_statements": 1, "percent_covered": 100.0, "percent_covered_display": "100", "missing_lines": 0, "excluded_lines": 0}, "missing_lines": [], "excluded_lines": []}, "DomainTypeCheck._after_check": {"executed_lines": [139, 140, 141], "summary": {"covered_lines": 3, "num_statements": 3, "percent_covered": 100.0, "percent_covered_display": "100", "missing_lines": 0, "excluded_lines": 0}, "missing_lines": [], "excluded_lines": []}, "": {"executed_lines": [1, 11, 12, 13, 14, 15, 16, 17, 18, 21, 22, 23, 39, 40, 45, 47, 52, 60, 132], "summary": {"covered_lines": 17, "num_statements": 19, "percent_covered": 89.47368421052632, "percent_covered_display": "89", "missing_lines": 2, "excluded_lines": 3}, "missing_lines": [28, 29], "excluded_lines": [30, 31, 32]}}, "classes": {"DomainTypeCheck": {"executed_lines": [49, 50, 58, 68, 70, 71, 74, 80, 139, 140, 141], "summary": {"covered_lines": 11, "num_statements": 11, "percent_covered": 100.0, "percent_covered_display": "100", "missing_lines": 0, "excluded_lines": 0}, "missing_lines": [], "excluded_lines": []}, "": {"executed_lines": [1, 11, 12, 13, 14, 15, 16, 17, 18, 21, 22, 23, 39, 40, 45, 47, 52, 60, 132], "summary": {"covered_lines": 17, "num_statements": 19, "percent_covered": 89.47368421052632, "percent_covered_display": "89", "missing_lines": 2, "excluded_lines": 3}, "missing_lines": [28, 29], "excluded_lines": [30, 31, 32]}}}, "circe/check/checkers/drug_domain_check.py": {"executed_lines": [1, 11, 12, 13, 14, 15, 18, 19, 20, 21, 22, 32, 33, 38, 40, 46, 48, 55, 56, 58, 61, 67, 68, 74, 80, 85, 95, 101, 117, 127, 130, 131, 134, 139], "summary": {"covered_lines": 32, "num_statements": 46, "percent_covered": 69.56521739130434, "percent_covered_display": "70", "missing_lines": 14, "excluded_lines": 5}, "missing_lines": [23, 24, 69, 70, 71, 75, 81, 82, 83, 128, 132, 149, 150, 151], "excluded_lines": [25, 26, 27, 28, 29], "functions": {"DrugDomainCheck._define_severity": {"executed_lines": [46], "summary": {"covered_lines": 1, "num_statements": 1, "percent_covered": 100.0, "percent_covered_display": "100", "missing_lines": 0, "excluded_lines": 0}, "missing_lines": [], "excluded_lines": []}, "DrugDomainCheck._check": {"executed_lines": [55, 56, 58, 61, 67, 68, 74, 80], "summary": {"covered_lines": 8, "num_statements": 15, "percent_covered": 53.333333333333336, "percent_covered_display": "53", "missing_lines": 7, "excluded_lines": 0}, "missing_lines": [69, 70, 71, 75, 81, 82, 83], "excluded_lines": []}, "DrugDomainCheck._map_criteria": {"executed_lines": [95, 101], "summary": {"covered_lines": 2, "num_statements": 2, "percent_covered": 100.0, "percent_covered_display": "100", "missing_lines": 0, "excluded_lines": 0}, "missing_lines": [], "excluded_lines": []}, "DrugDomainCheck._is_concept_in_drug_domain": {"executed_lines": [127, 130, 131, 134], "summary": {"covered_lines": 4, "num_statements": 6, "percent_covered": 66.66666666666667, "percent_covered_display": "67", "missing_lines": 2, "excluded_lines": 0}, "missing_lines": [128, 132], "excluded_lines": []}, "DrugDomainCheck._map_concept_set": {"executed_lines": [], "summary": {"covered_lines": 0, "num_statements": 3, "percent_covered": 0.0, "percent_covered_display": "0", "missing_lines": 3, "excluded_lines": 0}, "missing_lines": [149, 150, 151], "excluded_lines": []}, "": {"executed_lines": [1, 11, 12, 13, 14, 15, 18, 19, 20, 21, 22, 32, 33, 38, 40, 48, 85, 117, 139], "summary": {"covered_lines": 17, "num_statements": 19, "percent_covered": 89.47368421052632, "percent_covered_display": "89", "missing_lines": 2, "excluded_lines": 5}, "missing_lines": [23, 24], "excluded_lines": [25, 26, 27, 28, 29]}}, "classes": {"DrugDomainCheck": {"executed_lines": [46, 55, 56, 58, 61, 67, 68, 74, 80, 95, 101, 127, 130, 131, 134], "summary": {"covered_lines": 15, "num_statements": 27, "percent_covered": 55.55555555555556, "percent_covered_display": "56", "missing_lines": 12, "excluded_lines": 0}, "missing_lines": [69, 70, 71, 75, 81, 82, 83, 128, 132, 149, 150, 151], "excluded_lines": []}, "": {"executed_lines": [1, 11, 12, 13, 14, 15, 18, 19, 20, 21, 22, 32, 33, 38, 40, 48, 85, 117, 139], "summary": {"covered_lines": 17, "num_statements": 19, "percent_covered": 89.47368421052632, "percent_covered_display": "89", "missing_lines": 2, "excluded_lines": 5}, "missing_lines": [23, 24], "excluded_lines": [25, 26, 27, 28, 29]}}}, "circe/check/checkers/drug_era_check.py": {"executed_lines": [1, 11, 12, 13, 14, 17, 18, 25, 26, 31, 33, 39, 41, 50, 55, 58, 59, 60], "summary": {"covered_lines": 16, "num_statements": 20, "percent_covered": 80.0, "percent_covered_display": "80", "missing_lines": 4, "excluded_lines": 2}, "missing_lines": [19, 20, 52, 56], "excluded_lines": [21, 22], "functions": {"DrugEraCheck._define_severity": {"executed_lines": [39], "summary": {"covered_lines": 1, "num_statements": 1, "percent_covered": 100.0, "percent_covered_display": "100", "missing_lines": 0, "excluded_lines": 0}, "missing_lines": [], "excluded_lines": []}, "DrugEraCheck._check_criteria": {"executed_lines": [50, 55, 58, 59, 60], "summary": {"covered_lines": 5, "num_statements": 7, "percent_covered": 71.42857142857143, "percent_covered_display": "71", "missing_lines": 2, "excluded_lines": 0}, "missing_lines": [52, 56], "excluded_lines": []}, "": {"executed_lines": [1, 11, 12, 13, 14, 17, 18, 25, 26, 31, 33, 41], "summary": {"covered_lines": 10, "num_statements": 12, "percent_covered": 83.33333333333333, "percent_covered_display": "83", "missing_lines": 2, "excluded_lines": 2}, "missing_lines": [19, 20], "excluded_lines": [21, 22]}}, "classes": {"DrugEraCheck": {"executed_lines": [39, 50, 55, 58, 59, 60], "summary": {"covered_lines": 6, "num_statements": 8, "percent_covered": 75.0, "percent_covered_display": "75", "missing_lines": 2, "excluded_lines": 0}, "missing_lines": [52, 56], "excluded_lines": []}, "": {"executed_lines": [1, 11, 12, 13, 14, 17, 18, 25, 26, 31, 33, 41], "summary": {"covered_lines": 10, "num_statements": 12, "percent_covered": 83.33333333333333, "percent_covered_display": "83", "missing_lines": 2, "excluded_lines": 2}, "missing_lines": [19, 20], "excluded_lines": [21, 22]}}}, "circe/check/checkers/duplicates_concept_set_check.py": {"executed_lines": [1, 11, 12, 13, 14, 15, 17, 22, 23, 24, 29, 30, 35, 37, 43, 45, 52, 53, 54, 55, 57, 58, 62, 63, 64], "summary": {"covered_lines": 22, "num_statements": 24, "percent_covered": 91.66666666666667, "percent_covered_display": "92", "missing_lines": 2, "excluded_lines": 3}, "missing_lines": [25, 26], "excluded_lines": [17, 18, 19], "functions": {"DuplicatesConceptSetCheck._define_severity": {"executed_lines": [43], "summary": {"covered_lines": 1, "num_statements": 1, "percent_covered": 100.0, "percent_covered_display": "100", "missing_lines": 0, "excluded_lines": 0}, "missing_lines": [], "excluded_lines": []}, "DuplicatesConceptSetCheck._check": {"executed_lines": [52, 53, 54, 55, 57, 58, 62, 63, 64], "summary": {"covered_lines": 9, "num_statements": 9, "percent_covered": 100.0, "percent_covered_display": "100", "missing_lines": 0, "excluded_lines": 0}, "missing_lines": [], "excluded_lines": []}, "": {"executed_lines": [1, 11, 12, 13, 14, 15, 17, 22, 23, 24, 29, 30, 35, 37, 45], "summary": {"covered_lines": 12, "num_statements": 14, "percent_covered": 85.71428571428571, "percent_covered_display": "86", "missing_lines": 2, "excluded_lines": 3}, "missing_lines": [25, 26], "excluded_lines": [17, 18, 19]}}, "classes": {"DuplicatesConceptSetCheck": {"executed_lines": [43, 52, 53, 54, 55, 57, 58, 62, 63, 64], "summary": {"covered_lines": 10, "num_statements": 10, "percent_covered": 100.0, "percent_covered_display": "100", "missing_lines": 0, "excluded_lines": 0}, "missing_lines": [], "excluded_lines": []}, "": {"executed_lines": [1, 11, 12, 13, 14, 15, 17, 22, 23, 24, 29, 30, 35, 37, 45], "summary": {"covered_lines": 12, "num_statements": 14, "percent_covered": 85.71428571428571, "percent_covered_display": "86", "missing_lines": 2, "excluded_lines": 3}, "missing_lines": [25, 26], "excluded_lines": [17, 18, 19]}}}, "circe/check/checkers/duplicates_criteria_check.py": {"executed_lines": [1, 11, 12, 13, 14, 15, 18, 19, 20, 28, 29, 34, 36, 38, 39, 41, 48, 49, 50, 51, 55, 56, 57, 59, 65, 67, 77, 78, 81, 88, 89, 90, 91, 93, 94, 95, 97, 98, 99, 100, 101, 102, 103, 104, 105, 106, 107, 109, 112, 113, 114, 116, 117, 118, 119, 120, 121, 133, 143, 145, 157, 165, 166], "summary": {"covered_lines": 61, "num_statements": 67, "percent_covered": 91.04477611940298, "percent_covered_display": "91", "missing_lines": 6, "excluded_lines": 3}, "missing_lines": [21, 22, 96, 115, 131, 155], "excluded_lines": [23, 24, 25], "functions": {"DuplicatesCriteriaCheck.__init__": {"executed_lines": [38, 39], "summary": {"covered_lines": 2, "num_statements": 2, "percent_covered": 100.0, "percent_covered_display": "100", "missing_lines": 0, "excluded_lines": 0}, "missing_lines": [], "excluded_lines": []}, "DuplicatesCriteriaCheck._after_check": {"executed_lines": [48, 49, 50, 51, 55, 56, 57], "summary": {"covered_lines": 7, "num_statements": 7, "percent_covered": 100.0, "percent_covered_display": "100", "missing_lines": 0, "excluded_lines": 0}, "missing_lines": [], "excluded_lines": []}, "DuplicatesCriteriaCheck._define_severity": {"executed_lines": [65], "summary": {"covered_lines": 1, "num_statements": 1, "percent_covered": 100.0, "percent_covered_display": "100", "missing_lines": 0, "excluded_lines": 0}, "missing_lines": [], "excluded_lines": []}, "DuplicatesCriteriaCheck._compare_criteria": {"executed_lines": [77, 78, 81, 88, 89, 90, 91, 93, 94, 95, 97, 98, 99, 100, 101, 102, 103, 104, 105, 106, 107, 109, 112, 113, 114, 116, 117, 118, 119, 120, 121], "summary": {"covered_lines": 31, "num_statements": 34, "percent_covered": 91.17647058823529, "percent_covered_display": "91", "missing_lines": 3, "excluded_lines": 0}, "missing_lines": [96, 115, 131], "excluded_lines": []}, "DuplicatesCriteriaCheck._compare_objects": {"executed_lines
[...]
, 1691, 1694, 1697, 1698, 1699, 1701, 1707, 1710, 1711, 1712, 1713, 1715, 1719, 1723, 1727, 1728, 1729, 1731, 1735, 1736, 1737, 1739, 1743, 1744, 1745, 1747, 1748, 1749, 1751, 1755, 1756, 1757, 1759, 1763, 1764, 1765, 1767, 1770, 1773, 1774, 1775, 1777, 1783, 1785, 1786, 1787, 1789, 1792, 1795, 1796, 1797, 1799, 1805, 1807, 1808, 1809, 1811, 1814, 1817, 1818, 1819, 1821, 1827, 1829, 1830, 1831, 1833, 1836, 1839, 1840, 1841, 1843, 1849, 1851, 1852, 1853, 1855, 1858, 1861, 1862, 1863, 1865, 1871, 1874, 1875, 1876, 1879, 1880, 1885, 1886, 1887, 1888, 1890, 1896, 1899, 1900, 1901, 1904, 1907, 1908, 1909, 1910, 1912, 1918, 1921, 1922, 1923, 1928, 1929, 1932, 1935, 1939, 1945, 1948, 1949, 1950, 1952, 1953, 1954, 1956, 1957, 1958, 1960, 1963, 1966, 1967, 1968, 1970, 1976, 1979, 1980, 1981, 1983, 1984, 1985, 1987, 1988, 1989, 1991, 1992, 1993, 1995, 1998, 2001, 2002, 2003, 2005, 2011, 2014, 2015, 2016, 2018, 2022, 2023, 2024, 2026, 2027, 2028, 2030, 2031, 2032, 2034, 2037, 2040, 2041, 2042, 2044, 2050, 2053, 2054, 2055, 2058, 2059, 2063], "summary": {"covered_lines": 886, "num_statements": 1004, "percent_covered": 88.24701195219123, "percent_covered_display": "88", "missing_lines": 118, "excluded_lines": 0}, "missing_lines": [111, 156, 427, 455, 500, 583, 624, 637, 679, 699, 719, 722, 723, 724, 727, 728, 730, 731, 732, 734, 735, 742, 743, 744, 745, 754, 755, 756, 758, 760, 763, 771, 772, 774, 823, 862, 923, 929, 939, 946, 947, 948, 950, 951, 953, 954, 956, 959, 1037, 1038, 1052, 1053, 1054, 1055, 1056, 1057, 1058, 1059, 1060, 1070, 1071, 1072, 1080, 1205, 1214, 1232, 1318, 1321, 1452, 1453, 1464, 1465, 1472, 1473, 1480, 1481, 1498, 1499, 1534, 1535, 1551, 1552, 1559, 1560, 1567, 1568, 1583, 1584, 1591, 1592, 1630, 1631, 1638, 1639, 1716, 1717, 1720, 1721, 1724, 1725, 1732, 1733, 1740, 1741, 1752, 1753, 1760, 1761, 1882, 1924, 1925, 1926, 1936, 1937, 2019, 2020, 2060, 2061], "excluded_lines": []}, "": {"executed_lines": [1, 12, 13, 14, 15, 16, 24, 30, 33, 34, 39, 49, 141, 166, 186, 208, 228, 261, 297, 325, 350, 370, 429, 457, 479, 503, 515, 575, 611, 778, 801, 817, 837, 897, 961, 1002, 1096, 1123, 1138, 1153, 1171, 1189, 1234, 1281, 1295, 1329, 1390, 1419, 1436, 1518, 1617, 1657, 1681, 1703, 1779, 1801, 1823, 1845, 1867, 1892, 1914, 1941, 1972, 2007, 2046], "summary": {"covered_lines": 63, "num_statements": 63, "percent_covered": 100.0, "percent_covered_display": "100", "missing_lines": 0, "excluded_lines": 0}, "missing_lines": [], "excluded_lines": []}}}, "circe/cohortdefinition/utils.py": {"executed_lines": [1, 8, 33, 54, 56, 57], "summary": {"covered_lines": 5, "num_statements": 10, "percent_covered": 50.0, "percent_covered_display": "50", "missing_lines": 5, "excluded_lines": 0}, "missing_lines": [25, 27, 28, 30, 59], "excluded_lines": [], "functions": {"to_camel_alias": {"executed_lines": [], "summary": {"covered_lines": 0, "num_statements": 4, "percent_covered": 0.0, "percent_covered_display": "0", "missing_lines": 4, "excluded_lines": 0}, "missing_lines": [25, 27, 28, 30], "excluded_lines": []}, "to_pascal_alias": {"executed_lines": [54, 56, 57], "summary": {"covered_lines": 3, "num_statements": 4, "percent_covered": 75.0, "percent_covered_display": "75", "missing_lines": 1, "excluded_lines": 0}, "missing_lines": [59], "excluded_lines": []}, "": {"executed_lines": [1, 8, 33], "summary": {"covered_lines": 2, "num_statements": 2, "percent_covered": 100.0, "percent_covered_display": "100", "missing_lines": 0, "excluded_lines": 0}, "missing_lines": [], "excluded_lines": []}}, "classes": {"": {"executed_lines": [1, 8, 33, 54, 56, 57], "summary": {"covered_lines": 5, "num_statements": 10, "percent_covered": 50.0, "percent_covered_display": "50", "missing_lines": 5, "excluded_lines": 0}, "missing_lines": [25, 27, 28, 30, 59], "excluded_lines": []}}}, "circe/helper/__init__.py": {"executed_lines": [1, 8], "summary": {"covered_lines": 1, "num_statements": 1, "percent_covered": 100.0, "percent_covered_display": "100", "missing_lines": 0, "excluded_lines": 0}, "missing_lines": [], "excluded_lines": [], "functions": {"": {"executed_lines": [1, 8], "summary": {"covered_lines": 1, "num_statements": 1, "percent_covered": 100.0, "percent_covered_display": "100", "missing_lines": 0, "excluded_lines": 0}, "missing_lines": [], "excluded_lines": []}}, "classes": {"": {"executed_lines": [1, 8], "summary": {"covered_lines": 1, "num_statements": 1, "percent_covered": 100.0, "percent_covered_display": "100", "missing_lines": 0, "excluded_lines": 0}, "missing_lines": [], "excluded_lines": []}}}, "circe/sqlrender/__init__.py": {"executed_lines": [2, 8, 10], "summary": {"covered_lines": 2, "num_statements": 2, "percent_covered": 100.0, "percent_covered_display": "100", "missing_lines": 0, "excluded_lines": 0}, "missing_lines": [], "excluded_lines": [], "functions": {"": {"executed_lines": [2, 8, 10], "summary": {"covered_lines": 2, "num_statements": 2, "percent_covered": 100.0, "percent_covered_display": "100", "missing_lines": 0, "excluded_lines": 0}, "missing_lines": [], "excluded_lines": []}}, "classes": {"": {"executed_lines": [2, 8, 10], "summary": {"covered_lines": 2, "num_statements": 2, "percent_covered": 100.0, "percent_covered_display": "100", "missing_lines": 0, "excluded_lines": 0}, "missing_lines": [], "excluded_lines": []}}}, "circe/sqlrender/render.py": {"executed_lines": [1, 2, 4, 5, 7, 14, 22, 25, 27, 29, 34, 36, 38, 39, 40, 42, 44, 51, 55, 56, 57, 58, 59, 61, 65, 67, 68, 69, 70, 72, 74, 77, 80, 81, 82, 83, 84, 85, 86, 87, 88, 89, 91, 95, 99, 100, 101, 103, 104, 105, 107, 108, 109, 110, 111, 112, 113, 114, 115, 116, 117, 118, 119, 120, 123, 124, 127, 129, 131, 132, 135, 149, 151, 155, 156, 157, 160, 162, 164, 165, 166, 171, 172, 174, 176, 177, 178, 180, 182, 183, 185, 186, 190, 191, 192, 193, 204, 205, 207, 209, 211, 214, 219, 220, 222], "summary": {"covered_lines": 105, "num_statements": 120, "percent_covered": 87.5, "percent_covered_display": "88", "missing_lines": 15, "excluded_lines": 0}, "missing_lines": [15, 16, 18, 19, 20, 30, 32, 41, 52, 93, 167, 168, 187, 223, 224], "excluded_lines": [], "functions": {"_evaluate_condition": {"executed_lines": [14, 22, 25, 27, 29], "summary": {"covered_lines": 5, "num_statements": 7, "percent_covered": 71.42857142857143, "percent_covered_display": "71", "missing_lines": 2, "excluded_lines": 0}, "missing_lines": [30, 32], "excluded_lines": []}, "_evaluate_condition.replacer": {"executed_lines": [], "summary": {"covered_lines": 0, "num_statements": 5, "percent_covered": 0.0, "percent_covered_display": "0", "missing_lines": 5, "excluded_lines": 0}, "missing_lines": [15, 16, 18, 19, 20], "excluded_lines": []}, "_quote_value": {"executed_lines": [36, 38, 39, 40, 42], "summary": {"covered_lines": 5, "num_statements": 6, "percent_covered": 83.33333333333333, "percent_covered_display": "83", "missing_lines": 1, "excluded_lines": 0}, "missing_lines": [41], "excluded_lines": []}, "render_sql": {"executed_lines": [51, 55, 61, 65, 131, 132], "summary": {"covered_lines": 6, "num_statements": 7, "percent_covered": 85.71428571428571, "percent_covered_display": "86", "missing_lines": 1, "excluded_lines": 0}, "missing_lines": [52], "excluded_lines": []}, "render_sql.var_replacer": {"executed_lines": [56, 57, 58, 59], "summary": {"covered_lines": 4, "num_statements": 4, "percent_covered": 100.0, "percent_covered_display": "100", "missing_lines": 0, "excluded_lines": 0}, "missing_lines": [], "excluded_lines": []}, "render_sql.resolve_blocks": {"executed_lines": [67, 68, 69, 70, 72, 74, 77, 80, 81, 82, 83, 84, 85, 86, 87, 88, 89, 91, 95, 99, 100, 101, 103, 104, 105, 107, 108, 109, 110, 111, 112, 113, 114, 115, 116, 117, 118, 119, 120, 123, 124, 127, 129], "summary": {"covered_lines": 43, "num_statements": 44, "percent_covered": 97.72727272727273, "percent_covered_display": "98", "missing_lines": 1, "excluded_lines": 0}, "missing_lines": [93], "excluded_lines": []}, "translate_sql": {"executed_lines": [149, 151, 155, 156, 157, 160, 162, 164, 165, 166, 171, 172, 174, 176, 177, 178, 180, 182, 183, 185, 186, 190, 191, 192, 193, 204, 205, 207, 209, 211, 214, 219, 220, 222], "summary": {"covered_lines": 34, "num_statements": 39, "percent_covered": 87.17948717948718, "percent_covered_display": "87", "missing_lines": 5, "excluded_lines": 0}, "missing_lines": [167, 168, 187, 223, 224], "excluded_lines": []}, "": {"executed_lines": [1, 2, 4, 5, 7, 34, 44, 135], "summary": {"covered_lines": 8, "num_statements": 8, "percent_covered": 100.0, "percent_covered_display": "100", "missing_lines": 0, "excluded_lines": 0}, "missing_lines": [], "excluded_lines": []}}, "classes": {"": {"executed_lines": [1, 2, 4, 5, 7, 14, 22, 25, 27, 29, 34, 36, 38, 39, 40, 42, 44, 51, 55, 56, 57, 58, 59, 61, 65, 67, 68, 69, 70, 72, 74, 77, 80, 81, 82, 83, 84, 85, 86, 87, 88, 89, 91, 95, 99, 100, 101, 103, 104, 105, 107, 108, 109, 110, 111, 112, 113, 114, 115, 116, 117, 118, 119, 120, 123, 124, 127, 129, 131, 132, 135, 149, 151, 155, 156, 157, 160, 162, 164, 165, 166, 171, 172, 174, 176, 177, 178, 180, 182, 183, 185, 186, 190, 191, 192, 193, 204, 205, 207, 209, 211, 214, 219, 220, 222], "summary": {"covered_lines": 105, "num_statements": 120, "percent_covered": 87.5, "percent_covered_display": "88", "missing_lines": 15, "excluded_lines": 0}, "missing_lines": [15, 16, 18, 19, 20, 30, 32, 41, 52, 93, 167, 168, 187, 223, 224], "excluded_lines": []}}}, "circe/vocabulary/__init__.py": {"executed_lines": [1, 12, 16], "summary": {"covered_lines": 2, "num_statements": 2, "percent_covered": 100.0, "percent_covered_display": "100", "missing_lines": 0, "excluded_lines": 0}, "missing_lines": [], "excluded_lines": [], "functions": {"": {"executed_lines": [1, 12, 16], "summary": {"covered_lines": 2, "num_statements": 2, "percent_covered": 100.0, "percent_covered_display": "100", "missing_lines": 0, "excluded_lines": 0}, "missing_lines": [], "excluded_lines": []}}, "classes": {"": {"executed_lines": [1, 12, 16], "summary": {"covered_lines": 2, "num_statements": 2, "percent_covered": 100.0, "percent_covered_display": "100", "missing_lines": 0, "excluded_lines": 0}, "missing_lines": [], "excluded_lines": []}}}, "circe/vocabulary/athena_integration.py": {"executed_lines": [], "summary": {"covered_lines": 0, "num_statements": 123, "percent_covered": 0.0, "percent_covered_display": "0", "missing_lines": 123, "excluded_lines": 0}, "missing_lines": [15, 16, 17, 18, 19, 21, 22, 24, 27, 30, 33, 48, 49, 51, 52, 56, 60, 61, 64, 65, 67, 68, 70, 72, 73, 74, 75, 78, 94, 95, 98, 99, 102, 103, 106, 122, 124, 125, 126, 128, 129, 130, 133, 134, 136, 137, 141, 144, 145, 146, 148, 149, 150, 153, 170, 172, 174, 185, 186, 188, 190, 191, 194, 220, 223, 226, 227, 229, 230, 231, 234, 235, 236, 237, 240, 252, 258, 260, 261, 262, 265, 268, 275, 287, 290, 327, 330, 333, 334, 336, 337, 338, 341, 342, 343, 345, 346, 348, 355, 367, 379, 381, 382, 383, 386, 400, 402, 404, 405, 406, 408, 409, 410, 412, 413, 416, 417, 418, 419, 420, 421, 423, 424], "excluded_lines": [], "functions": {"get_vocabulary_version": {"executed_lines": [], "summary": {"covered_lines": 0, "num_statements": 16, "percent_covered": 0.0, "percent_covered_display": "0", "missing_lines": 16, "excluded_lines": 0}, "missing_lines": [48, 49, 51, 52, 56, 60, 61, 64, 65, 67, 68, 70, 72, 73, 74, 75], "excluded_lines": []}, "_get_cache_path": {"executed_lines": [], "summary": {"covered_lines": 0, "num_statements": 6, "percent_covered": 0.0, "percent_covered_display": "0", "missing_lines": 6, "excluded_lines": 0}, "missing_lines": [94, 95, 98, 99, 102, 103], "excluded_lines": []}, "load_cached_concept_set": {"executed_lines": [], "summary": {"covered_lines": 0, "num_statements": 18, "percent_covered": 0.0, "percent_covered_display": "0", "missing_lines": 18, "excluded_lines": 0}, "missing_lines": [122, 124, 125, 126, 128, 129, 130, 133, 134, 136, 137, 141, 144, 145, 146, 148, 149, 150], "excluded_lines": []}, "save_concept_set_to_cache": {"executed_lines": [], "summary": {"covered_lines": 0, "num_statements": 8, "percent_covered": 0.0, "percent_covered_display": "0", "missing_lines": 8, "excluded_lines": 0}, "missing_lines": [170, 172, 174, 185, 186, 188, 190, 191], "excluded_lines": []}, "from_athena_concept_set": {"executed_lines": [], "summary": {"covered_lines": 0, "num_statements": 21, "percent_covered": 0.0, "percent_covered_display": "0", "missing_lines": 21, "excluded_lines": 0}, "missing_lines": [220, 223, 226, 227, 229, 230, 231, 234, 235, 236, 237, 240, 252, 258, 260, 261, 262, 265, 268, 275, 287], "excluded_lines": []}, "search_and_create_concept_set": {"executed_lines": [], "summary": {"covered_lines": 0, "num_statements": 19, "percent_covered": 0.0, "percent_covered_display": "0", "missing_lines": 19, "excluded_lines": 0}, "missing_lines": [327, 330, 333, 334, 336, 337, 338, 341, 342, 343, 345, 346, 348, 355, 367, 379, 381, 382, 383], "excluded_lines": []}, "clear_cache": {"executed_lines": [], "summary": {"covered_lines": 0, "num_statements": 18, "percent_covered": 0.0, "percent_covered_display": "0", "missing_lines": 18, "excluded_lines": 0}, "missing_lines": [400, 402, 404, 405, 406, 408, 409, 410, 412, 413, 416, 417, 418, 419, 420, 421, 423, 424], "excluded_lines": []}, "": {"executed_lines": [], "summary": {"covered_lines": 0, "num_statements": 17, "percent_covered": 0.0, "percent_covered_display": "0", "missing_lines": 17, "excluded_lines": 0}, "missing_lines": [15, 16, 17, 18, 19, 21, 22, 24, 27, 30, 33, 78, 106, 153, 194, 290, 386], "excluded_lines": []}}, "classes": {"": {"executed_lines": [], "summary": {"covered_lines": 0, "num_statements": 123, "percent_covered": 0.0, "percent_covered_display": "0", "missing_lines": 123, "excluded_lines": 0}, "missing_lines": [15, 16, 17, 18, 19, 21, 22, 24, 27, 30, 33, 48, 49, 51, 52, 56, 60, 61, 64, 65, 67, 68, 70, 72, 73, 74, 75, 78, 94, 95, 98, 99, 102, 103, 106, 122, 124, 125, 126, 128, 129, 130, 133, 134, 136, 137, 141, 144, 145, 146, 148, 149, 150, 153, 170, 172, 174, 185, 186, 188, 190, 191, 194, 220, 223, 226, 227, 229, 230, 231, 234, 235, 236, 237, 240, 252, 258, 260, 261, 262, 265, 268, 275, 287, 290, 327, 330, 333, 334, 336, 337, 338, 341, 342, 343, 345, 346, 348, 355, 367, 379, 381, 382, 383, 386, 400, 402, 404, 405, 406, 408, 409, 410, 412, 413, 416, 417, 418, 419, 420, 421, 423, 424], "excluded_lines": []}}}, "circe/vocabulary/concept.py": {"executed_lines": [1, 11, 12, 15, 16, 22, 27, 32, 37, 42, 47, 52, 57, 63, 66, 67, 71, 72, 73, 74, 76, 79, 80, 87, 88, 89, 90, 91, 93, 96, 97, 99, 105, 112, 119, 122], "summary": {"covered_lines": 31, "num_statements": 31, "percent_covered": 100.0, "percent_covered_display": "100", "missing_lines": 0, "excluded_lines": 0}, "missing_lines": [], "excluded_lines": [], "functions": {"": {"executed_lines": [1, 11, 12, 15, 16, 22, 27, 32, 37, 42, 47, 52, 57, 63, 66, 67, 71, 72, 73, 74, 76, 79, 80, 87, 88, 89, 90, 91, 93, 96, 97, 99, 105, 112, 119, 122], "summary": {"covered_lines": 31, "num_statements": 31, "percent_covered": 100.0, "percent_covered_display": "100", "missing_lines": 0, "excluded_lines": 0}, "missing_lines": [], "excluded_lines": []}}, "classes": {"Concept": {"executed_lines": [], "summary": {"covered_lines": 0, "num_statements": 0, "percent_covered": 100.0, "percent_covered_display": "100", "missing_lines": 0, "excluded_lines": 0}, "missing_lines": [], "excluded_lines": []}, "ConceptSetItem": {"executed_lines": [], "summary": {"covered_lines": 0, "num_statements": 0, "percent_covered": 100.0, "percent_covered_display": "100", "missing_lines": 0, "excluded_lines": 0}, "missing_lines": [], "excluded_lines": []}, "ConceptSetExpression": {"executed_lines": [], "summary": {"covered_lines": 0, "num_statements": 0, "percent_covered": 100.0, "percent_covered_display": "100", "missing_lines": 0, "excluded_lines": 0}, "missing_lines": [], "excluded_lines": []}, "ConceptSet": {"executed_lines": [], "summary": {"covered_lines": 0, "num_statements": 0, "percent_covered": 100.0, "percent_covered_display": "100", "missing_lines": 0, "excluded_lines": 0}, "missing_lines": [], "excluded_lines": []}, "": {"executed_lines": [1, 11, 12, 15, 16, 22, 27, 32, 37, 42, 47, 52, 57, 63, 66, 67, 71, 72, 73, 74, 76, 79, 80, 87, 88, 89, 90, 91, 93, 96, 97, 99, 105, 112, 119, 122], "summary": {"covered_lines": 31, "num_statements": 31, "percent_covered": 100.0, "percent_covered_display": "100", "missing_lines": 0, "excluded_lines": 0}, "missing_lines": [], "excluded_lines": []}}}, "circe/vocabulary/concept_set_expression_query_builder.py": {"executed_lines": [1, 11, 12, 13, 16, 17, 23, 29, 35, 46, 51, 59, 61, 66, 68, 73, 75, 76, 77, 78, 79, 81, 82, 83, 84, 85, 87, 89, 94, 95, 97, 103, 104, 106, 108, 109, 110, 112, 114, 120, 121, 122, 123, 126, 127, 128, 129, 132, 133, 134, 136, 137, 139, 140, 141, 142, 144, 145, 146, 147, 148, 149, 150, 153, 164, 165, 174, 176], "summary": {"covered_lines": 66, "num_statements": 66, "percent_covered": 100.0, "percent_covered_display": "100", "missing_lines": 0, "excluded_lines": 0}, "missing_lines": [], "excluded_lines": [], "functions": {"ConceptSetExpressionQueryBuilder.get_concept_ids": {"executed_lines": [66], "summary": {"covered_lines": 1, "num_statements": 1, "percent_covered": 100.0, "percent_covered_display": "100", "missing_lines": 0, "excluded_lines": 0}, "missing_lines": [], "excluded_lines": []}, "ConceptSetExpressionQueryBuilder.build_concept_set_sub_query": {"executed_lines": [73, 75, 76, 77, 78, 79, 81, 82, 83, 84, 85, 87], "summary": {"covered_lines": 12, "num_statements": 12, "percent_covered": 100.0, "percent_covered_display": "100", "missing_lines": 0, "excluded_lines": 0}, "missing_lines": [], "excluded_lines": []}, "ConceptSetExpressionQueryBuilder.build_concept_set_mapped_query": {"executed_lines": [94, 95], "summary": {"covered_lines": 2, "num_statements": 2, "percent_covered": 100.0, "percent_covered_display": "100", "missing_lines": 0, "excluded_lines": 0}, "missing_lines": [], "excluded_lines": []}, "ConceptSetExpressionQueryBuilder.build_concept_set_query": {"executed_lines": [103, 104, 106, 108, 109, 110, 112], "summary": {"covered_lines": 7, "num_statements": 7, "percent_covered": 100.0, "percent_covered_display": "100", "missing_lines": 0, "excluded_lines": 0}, "missing_lines": [], "excluded_lines": []}, "ConceptSetExpressionQueryBuilder.build_expression_query": {"executed_lines": [120, 121, 122, 123, 126, 127, 128, 129, 132, 133, 134, 136, 137, 139, 140, 141, 142, 144, 145, 146, 147, 148, 149, 150, 153, 164, 165, 174, 176], "summary": {"covered_lines": 29, "num_statements": 29, "percent_covered": 100.0, "percent_covered_display": "100", "missing_lines": 0, "excluded_lines": 0}, "missing_lines": [], "excluded_lines": []}, "": {"executed_lines": [1, 11, 12, 13, 16, 17, 23, 29, 35, 46, 51, 59, 61, 68, 89, 97, 114], "summary": {"covered_lines": 15, "num_statements": 15, "percent_covered": 100.0, "percent_covered_display": "100", "missing_lines": 0, "excluded_lines": 0}, "missing_lines": [], "excluded_lines": []}}, "classes": {"ConceptSetExpressionQueryBuilder": {"executed_lines": [66, 73, 75, 76, 77, 78, 79, 81, 82, 83, 84, 85, 87, 94, 95, 103, 104, 106, 108, 109, 110, 112, 120, 121, 122, 123, 126, 127, 128, 129, 132, 133, 134, 136, 137, 139, 140, 141, 142, 144, 145, 146, 147, 148, 149, 150, 153, 164, 165, 174, 176], "summary": {"covered_lines": 51, "num_statements": 51, "percent_covered": 100.0, "percent_covered_display": "100", "missing_lines": 0, "excluded_lines": 0}, "missing_lines": [], "excluded_lines": []}, "": {"executed_lines": [1, 11, 12, 13, 16, 17, 23, 29, 35, 46, 51, 59, 61, 68, 89, 97, 114], "summary": {"covered_lines": 15, "num_statements": 15, "percent_covered": 100.0, "percent_covered_display": "100", "missing_lines": 0, "excluded_lines": 0}, "missing_lines": [], "excluded_lines": []}}}}, "totals": {"covered_lines": 5113, "num_statements": 6406, "percent_covered": 79.81579768966594, "percent_covered_display": "80", "missing_lines": 1293, "excluded_lines": 230}}